ERROR:root:Failed to fetch data for IDs 0 to 1
ERROR:root:Failed for IDs 0 to 1. Message: 401 Invalid access token
ERROR:root:Failed for IDs 0 to 1. Message: 401 Invalid access token
INFO:root:Data saved from 1 to 4
INFO:root:Data saved from 1 to 4
INFO:root:Data saved from 1 to 4
ERROR:root:Unexpected error for IDs 0 to 1: 'NoneType' object has no attribute 'raise_for_status'
ERROR:root:Unexpected error for IDs 0 to 100: 'NoneType' object has no attribute 'raise_for_status'
ERROR:root:Unexpected error for IDs 0 to 100: 'NoneType' object has no attribute 'raise_for_status'
ERROR:root:Unexpected error for IDs 0 to 100: 'NoneType' object has no attribute 'raise_for_status'
ERROR:root:Unexpected error for IDs 0 to 100: 'NoneType' object has no attribute 'raise_for_status'
ERROR:root:Failed for IDs 0 to 100. HTTP Error: 400 Client Error: Bad Request for url: https://api.spotify.com/v1/tracks?ids=7crplFzt7spG80NCbpmuCp,1tYt8PbpbeTuqsNmprAZYY,52izjvF7wwveRG1rDJsGWe,1xQv4unOladJFtLUOy2eb7,3vv9phIu6Y1vX3jcqaGz5Z,0r4SsYcwvd8URat6AS2m6f,6WhzFzROw3aq3rPWjgYlxr,37k7igIs7IrMVUadwWKHJ6,6Knv6wdA0luoMUuuoYi2i1,6WjmPTZKeDylStKmGHLcqQ,6mNMp0g3zkg1K7uBpn07zl,6NljjfZDdfVh8x31Dwvj7J,2MNv9hlHsQUlxG00IKNxUY,3G2grVPTDrTQskKKsoEnRA,0PaemlGLiH2O6nAxRCzmee,7L5jgZtAyfiU7elB8DIqCx,6splO3UF8hSmK33y5fJTNk,3FQdtOMXdfDcDDjY1OHAqz,2Pjazbe7W5svzVZt1sBtb1,6WLS56xiRrXjSm9RSdL3zD,2H8LPaY3NSjmOFMH2Rygnz,0w3Q3VFdrYzo24QUIGnBNy,1omIb7BrAk7qwRrCSHJTc5,2OkU57LVQoynnVyLE1LrPN,4oHmgneU9dwYoqg0SJSOCf,3NBDgwEAGMj0aKRsU8zoO9,203t5YqpCFmIdxj8hIotxo,42JmSZ977by4p0AW0y558P,5IDra44Yb9g0GHzZCn1vX4,2QTp2o96FG61yVAxZTHqSV,5snyhxAh55A2wlNRH7VVZJ,0z8yrlXSjnI29Rv30RssNI,73JYmIV6UitbrIDyGb2lWf,4n5wWTTgnLtb8nVwPWVzgx,76fM7d7hS1jHSzCGIy69DN,7tSMnub7dlynTcPGwvjOMP,7yiAjQfyR6f2AJ8sxlRect,3PnOOmkxruDDAiMYZZTgO7,2d29B8frPbRpZdsRRYLBwW,7cV0xhXZOPhdlBUODvCrDZ,2Y6HWIuckvl1hjmgIs4c6t,54Rssqg0VtNDbjXXE7TKKB,2H8LPaY3NSjmOFMH2Rygnz,7ApiM6Uz81EyYsqwyDdHXj,2mhRCxwEm4SRIGYheTHvak,0eTqzHbGVELiaSiJMpbu7z,7qVbgfYUPrcPcJtqZoRis3,3Wh8OMeqg0vNUgT8kj6Z4T,6MMLr5UnPXkZp5kJHBDPxO,4uV4Z0AWvxwATZxopGUJla,3v2U3z1rTbDAXyy3znfLi2,4A1IGpeMdt8sUdTPfNzYcd,0ZxfygC8NuLCepBOxHRVGk,1Ti1FWfTF8WK3PSBPQzy0z,1DZ9n7K1LZW8bWBZqGJUfN,2yGkxiZAitlsjNhqUmEm8U,0XXLwO7YHHTAK3OJkWQ37b,187ObOR6fkb6IqRWkKuy0a,32m3Omefuw5UynvibnMMOY,3G7XYAwtxtoGK7fAm4IlD9,3MAgQuClHcAV8E9CbeBS6f,5cr2MqXUs0TGaDByQnKVnX,2KxC2FpQMuddyCBoRYWfx8,4xRjLDNEMDhafYfo72iZp2,6lrMvyqEpwYSVcm6nKy5gk,7r0Wirvj3lK3jK0I8UtRoB,3FtYbEfBqAlGO46NUDQSAt,3AszgPDZd9q0DpDFt4HFBy,6cb0HzFQPN4BGADOmSzPCw,3zSCNTXI7Ed0PiidZVmzIe,5QlxJMuPUxn2J2rcudSK9Z,70cTMpcgWMcR18t9MRJFjB,5E3P9e1hvjyIOlFyqNB5eD,5R9a4t5t5O0IsznsrKPVro,75fsfkKHVkMmhdT0F8AiLL,6mNMp0g3zkg1K7uBpn07zl,6WQhN9NfH86UwxnLjBugYv,2OkU57LVQoynnVyLE1LrPN,3o7UOe10g5nhUj5PbPnV95,0n3lXKNCF3Wvvcs7UY66Ae,3ActcmE8M7DpBHQiRFSx5G,5Ym19YSvxpcLhtlC2g605d,7fDHYNpNfSJ7h0jDX440Y5,3F95GrnJmIZlCUHwOVdBD6,4mKaGkUNWrbDtvTl7sZDkt,1PBk2knn4anq0vaS5KGDG2,0P6RjFd2HgG2AXJadQuGfE,5w9tlfIjUABdjxRLWTO7M9,43igNXZ6iv1VRE7CUwM0Nb,2d08QBDrm6K9yDNorcrIYL,3icbmPGKTsKAa0IinkizCM,4T0ScSPdQKmGvruK7pavNP,6m3ZWIXhjoV76syT1j2oE9,4tg1G3X26wDTmQbipgxhp5,76v0OHTbZGeOZYmaLtEDhQ,4viUsO0ZnlZrVCM945K6on,3p5Qm3hxPwsBs4JjEifIu8,7FJP35tUJ2121EJsFpU1Gh,1brwdYwjltrJo7WHpIvbYt,5Y3LTdywsMjLsuwTmNWGVO
ERROR:root:Failed for IDs 0 to 100. HTTP Error: 400 Client Error: Bad Request for url: https://api.spotify.com/v1/tracks?ids=7crplFzt7spG80NCbpmuCp,1tYt8PbpbeTuqsNmprAZYY,52izjvF7wwveRG1rDJsGWe,1xQv4unOladJFtLUOy2eb7,3vv9phIu6Y1vX3jcqaGz5Z,0r4SsYcwvd8URat6AS2m6f,6WhzFzROw3aq3rPWjgYlxr,37k7igIs7IrMVUadwWKHJ6,6Knv6wdA0luoMUuuoYi2i1,6WjmPTZKeDylStKmGHLcqQ,6mNMp0g3zkg1K7uBpn07zl,6NljjfZDdfVh8x31Dwvj7J,2MNv9hlHsQUlxG00IKNxUY,3G2grVPTDrTQskKKsoEnRA,0PaemlGLiH2O6nAxRCzmee,7L5jgZtAyfiU7elB8DIqCx,6splO3UF8hSmK33y5fJTNk,3FQdtOMXdfDcDDjY1OHAqz,2Pjazbe7W5svzVZt1sBtb1,6WLS56xiRrXjSm9RSdL3zD,2H8LPaY3NSjmOFMH2Rygnz,0w3Q3VFdrYzo24QUIGnBNy,1omIb7BrAk7qwRrCSHJTc5,2OkU57LVQoynnVyLE1LrPN,4oHmgneU9dwYoqg0SJSOCf,3NBDgwEAGMj0aKRsU8zoO9,203t5YqpCFmIdxj8hIotxo,42JmSZ977by4p0AW0y558P,5IDra44Yb9g0GHzZCn1vX4,2QTp2o96FG61yVAxZTHqSV,5snyhxAh55A2wlNRH7VVZJ,0z8yrlXSjnI29Rv30RssNI,73JYmIV6UitbrIDyGb2lWf,4n5wWTTgnLtb8nVwPWVzgx,76fM7d7hS1jHSzCGIy69DN,7tSMnub7dlynTcPGwvjOMP,7yiAjQfyR6f2AJ8sxlRect,3PnOOmkxruDDAiMYZZTgO7,2d29B8frPbRpZdsRRYLBwW,7cV0xhXZOPhdlBUODvCrDZ,2Y6HWIuckvl1hjmgIs4c6t,54Rssqg0VtNDbjXXE7TKKB,2H8LPaY3NSjmOFMH2Rygnz,7ApiM6Uz81EyYsqwyDdHXj,2mhRCxwEm4SRIGYheTHvak,0eTqzHbGVELiaSiJMpbu7z,7qVbgfYUPrcPcJtqZoRis3,3Wh8OMeqg0vNUgT8kj6Z4T,6MMLr5UnPXkZp5kJHBDPxO,4uV4Z0AWvxwATZxopGUJla,3v2U3z1rTbDAXyy3znfLi2,4A1IGpeMdt8sUdTPfNzYcd,0ZxfygC8NuLCepBOxHRVGk,1Ti1FWfTF8WK3PSBPQzy0z,1DZ9n7K1LZW8bWBZqGJUfN,2yGkxiZAitlsjNhqUmEm8U,0XXLwO7YHHTAK3OJkWQ37b,187ObOR6fkb6IqRWkKuy0a,32m3Omefuw5UynvibnMMOY,3G7XYAwtxtoGK7fAm4IlD9,3MAgQuClHcAV8E9CbeBS6f,5cr2MqXUs0TGaDByQnKVnX,2KxC2FpQMuddyCBoRYWfx8,4xRjLDNEMDhafYfo72iZp2,6lrMvyqEpwYSVcm6nKy5gk,7r0Wirvj3lK3jK0I8UtRoB,3FtYbEfBqAlGO46NUDQSAt,3AszgPDZd9q0DpDFt4HFBy,6cb0HzFQPN4BGADOmSzPCw,3zSCNTXI7Ed0PiidZVmzIe,5QlxJMuPUxn2J2rcudSK9Z,70cTMpcgWMcR18t9MRJFjB,5E3P9e1hvjyIOlFyqNB5eD,5R9a4t5t5O0IsznsrKPVro,75fsfkKHVkMmhdT0F8AiLL,6mNMp0g3zkg1K7uBpn07zl,6WQhN9NfH86UwxnLjBugYv,2OkU57LVQoynnVyLE1LrPN,3o7UOe10g5nhUj5PbPnV95,0n3lXKNCF3Wvvcs7UY66Ae,3ActcmE8M7DpBHQiRFSx5G,5Ym19YSvxpcLhtlC2g605d,7fDHYNpNfSJ7h0jDX440Y5,3F95GrnJmIZlCUHwOVdBD6,4mKaGkUNWrbDtvTl7sZDkt,1PBk2knn4anq0vaS5KGDG2,0P6RjFd2HgG2AXJadQuGfE,5w9tlfIjUABdjxRLWTO7M9,43igNXZ6iv1VRE7CUwM0Nb,2d08QBDrm6K9yDNorcrIYL,3icbmPGKTsKAa0IinkizCM,4T0ScSPdQKmGvruK7pavNP,6m3ZWIXhjoV76syT1j2oE9,4tg1G3X26wDTmQbipgxhp5,76v0OHTbZGeOZYmaLtEDhQ,4viUsO0ZnlZrVCM945K6on,3p5Qm3hxPwsBs4JjEifIu8,7FJP35tUJ2121EJsFpU1Gh,1brwdYwjltrJo7WHpIvbYt,5Y3LTdywsMjLsuwTmNWGVO
ERROR:root:Failed for IDs 0 to 100. HTTP Error: 400 Client Error: Bad Request for url: https://api.spotify.com/v1/tracks?ids=7crplFzt7spG80NCbpmuCp,1tYt8PbpbeTuqsNmprAZYY,52izjvF7wwveRG1rDJsGWe,1xQv4unOladJFtLUOy2eb7,3vv9phIu6Y1vX3jcqaGz5Z,0r4SsYcwvd8URat6AS2m6f,6WhzFzROw3aq3rPWjgYlxr,37k7igIs7IrMVUadwWKHJ6,6Knv6wdA0luoMUuuoYi2i1,6WjmPTZKeDylStKmGHLcqQ,6mNMp0g3zkg1K7uBpn07zl,6NljjfZDdfVh8x31Dwvj7J,2MNv9hlHsQUlxG00IKNxUY,3G2grVPTDrTQskKKsoEnRA,0PaemlGLiH2O6nAxRCzmee,7L5jgZtAyfiU7elB8DIqCx,6splO3UF8hSmK33y5fJTNk,3FQdtOMXdfDcDDjY1OHAqz,2Pjazbe7W5svzVZt1sBtb1,6WLS56xiRrXjSm9RSdL3zD,2H8LPaY3NSjmOFMH2Rygnz,0w3Q3VFdrYzo24QUIGnBNy,1omIb7BrAk7qwRrCSHJTc5,2OkU57LVQoynnVyLE1LrPN,4oHmgneU9dwYoqg0SJSOCf,3NBDgwEAGMj0aKRsU8zoO9,203t5YqpCFmIdxj8hIotxo,42JmSZ977by4p0AW0y558P,5IDra44Yb9g0GHzZCn1vX4,2QTp2o96FG61yVAxZTHqSV,5snyhxAh55A2wlNRH7VVZJ,0z8yrlXSjnI29Rv30RssNI,73JYmIV6UitbrIDyGb2lWf,4n5wWTTgnLtb8nVwPWVzgx,76fM7d7hS1jHSzCGIy69DN,7tSMnub7dlynTcPGwvjOMP,7yiAjQfyR6f2AJ8sxlRect,3PnOOmkxruDDAiMYZZTgO7,2d29B8frPbRpZdsRRYLBwW,7cV0xhXZOPhdlBUODvCrDZ,2Y6HWIuckvl1hjmgIs4c6t,54Rssqg0VtNDbjXXE7TKKB,2H8LPaY3NSjmOFMH2Rygnz,7ApiM6Uz81EyYsqwyDdHXj,2mhRCxwEm4SRIGYheTHvak,0eTqzHbGVELiaSiJMpbu7z,7qVbgfYUPrcPcJtqZoRis3,3Wh8OMeqg0vNUgT8kj6Z4T,6MMLr5UnPXkZp5kJHBDPxO,4uV4Z0AWvxwATZxopGUJla,3v2U3z1rTbDAXyy3znfLi2,4A1IGpeMdt8sUdTPfNzYcd,0ZxfygC8NuLCepBOxHRVGk,1Ti1FWfTF8WK3PSBPQzy0z,1DZ9n7K1LZW8bWBZqGJUfN,2yGkxiZAitlsjNhqUmEm8U,0XXLwO7YHHTAK3OJkWQ37b,187ObOR6fkb6IqRWkKuy0a,32m3Omefuw5UynvibnMMOY,3G7XYAwtxtoGK7fAm4IlD9,3MAgQuClHcAV8E9CbeBS6f,5cr2MqXUs0TGaDByQnKVnX,2KxC2FpQMuddyCBoRYWfx8,4xRjLDNEMDhafYfo72iZp2,6lrMvyqEpwYSVcm6nKy5gk,7r0Wirvj3lK3jK0I8UtRoB,3FtYbEfBqAlGO46NUDQSAt,3AszgPDZd9q0DpDFt4HFBy,6cb0HzFQPN4BGADOmSzPCw,3zSCNTXI7Ed0PiidZVmzIe,5QlxJMuPUxn2J2rcudSK9Z,70cTMpcgWMcR18t9MRJFjB,5E3P9e1hvjyIOlFyqNB5eD,5R9a4t5t5O0IsznsrKPVro,75fsfkKHVkMmhdT0F8AiLL,6mNMp0g3zkg1K7uBpn07zl,6WQhN9NfH86UwxnLjBugYv,2OkU57LVQoynnVyLE1LrPN,3o7UOe10g5nhUj5PbPnV95,0n3lXKNCF3Wvvcs7UY66Ae,3ActcmE8M7DpBHQiRFSx5G,5Ym19YSvxpcLhtlC2g605d,7fDHYNpNfSJ7h0jDX440Y5,3F95GrnJmIZlCUHwOVdBD6,4mKaGkUNWrbDtvTl7sZDkt,1PBk2knn4anq0vaS5KGDG2,0P6RjFd2HgG2AXJadQuGfE,5w9tlfIjUABdjxRLWTO7M9,43igNXZ6iv1VRE7CUwM0Nb,2d08QBDrm6K9yDNorcrIYL,3icbmPGKTsKAa0IinkizCM,4T0ScSPdQKmGvruK7pavNP,6m3ZWIXhjoV76syT1j2oE9,4tg1G3X26wDTmQbipgxhp5,76v0OHTbZGeOZYmaLtEDhQ,4viUsO0ZnlZrVCM945K6on,3p5Qm3hxPwsBs4JjEifIu8,7FJP35tUJ2121EJsFpU1Gh,1brwdYwjltrJo7WHpIvbYt,5Y3LTdywsMjLsuwTmNWGVO
ERROR:root:Failed for IDs 0 to 99. HTTP Error: 400 Client Error: Bad Request for url: https://api.spotify.com/v1/tracks?ids=7crplFzt7spG80NCbpmuCp,1tYt8PbpbeTuqsNmprAZYY,52izjvF7wwveRG1rDJsGWe,1xQv4unOladJFtLUOy2eb7,3vv9phIu6Y1vX3jcqaGz5Z,0r4SsYcwvd8URat6AS2m6f,6WhzFzROw3aq3rPWjgYlxr,37k7igIs7IrMVUadwWKHJ6,6Knv6wdA0luoMUuuoYi2i1,6WjmPTZKeDylStKmGHLcqQ,6mNMp0g3zkg1K7uBpn07zl,6NljjfZDdfVh8x31Dwvj7J,2MNv9hlHsQUlxG00IKNxUY,3G2grVPTDrTQskKKsoEnRA,0PaemlGLiH2O6nAxRCzmee,7L5jgZtAyfiU7elB8DIqCx,6splO3UF8hSmK33y5fJTNk,3FQdtOMXdfDcDDjY1OHAqz,2Pjazbe7W5svzVZt1sBtb1,6WLS56xiRrXjSm9RSdL3zD,2H8LPaY3NSjmOFMH2Rygnz,0w3Q3VFdrYzo24QUIGnBNy,1omIb7BrAk7qwRrCSHJTc5,2OkU57LVQoynnVyLE1LrPN,4oHmgneU9dwYoqg0SJSOCf,3NBDgwEAGMj0aKRsU8zoO9,203t5YqpCFmIdxj8hIotxo,42JmSZ977by4p0AW0y558P,5IDra44Yb9g0GHzZCn1vX4,2QTp2o96FG61yVAxZTHqSV,5snyhxAh55A2wlNRH7VVZJ,0z8yrlXSjnI29Rv30RssNI,73JYmIV6UitbrIDyGb2lWf,4n5wWTTgnLtb8nVwPWVzgx,76fM7d7hS1jHSzCGIy69DN,7tSMnub7dlynTcPGwvjOMP,7yiAjQfyR6f2AJ8sxlRect,3PnOOmkxruDDAiMYZZTgO7,2d29B8frPbRpZdsRRYLBwW,7cV0xhXZOPhdlBUODvCrDZ,2Y6HWIuckvl1hjmgIs4c6t,54Rssqg0VtNDbjXXE7TKKB,2H8LPaY3NSjmOFMH2Rygnz,7ApiM6Uz81EyYsqwyDdHXj,2mhRCxwEm4SRIGYheTHvak,0eTqzHbGVELiaSiJMpbu7z,7qVbgfYUPrcPcJtqZoRis3,3Wh8OMeqg0vNUgT8kj6Z4T,6MMLr5UnPXkZp5kJHBDPxO,4uV4Z0AWvxwATZxopGUJla,3v2U3z1rTbDAXyy3znfLi2,4A1IGpeMdt8sUdTPfNzYcd,0ZxfygC8NuLCepBOxHRVGk,1Ti1FWfTF8WK3PSBPQzy0z,1DZ9n7K1LZW8bWBZqGJUfN,2yGkxiZAitlsjNhqUmEm8U,0XXLwO7YHHTAK3OJkWQ37b,187ObOR6fkb6IqRWkKuy0a,32m3Omefuw5UynvibnMMOY,3G7XYAwtxtoGK7fAm4IlD9,3MAgQuClHcAV8E9CbeBS6f,5cr2MqXUs0TGaDByQnKVnX,2KxC2FpQMuddyCBoRYWfx8,4xRjLDNEMDhafYfo72iZp2,6lrMvyqEpwYSVcm6nKy5gk,7r0Wirvj3lK3jK0I8UtRoB,3FtYbEfBqAlGO46NUDQSAt,3AszgPDZd9q0DpDFt4HFBy,6cb0HzFQPN4BGADOmSzPCw,3zSCNTXI7Ed0PiidZVmzIe,5QlxJMuPUxn2J2rcudSK9Z,70cTMpcgWMcR18t9MRJFjB,5E3P9e1hvjyIOlFyqNB5eD,5R9a4t5t5O0IsznsrKPVro,75fsfkKHVkMmhdT0F8AiLL,6mNMp0g3zkg1K7uBpn07zl,6WQhN9NfH86UwxnLjBugYv,2OkU57LVQoynnVyLE1LrPN,3o7UOe10g5nhUj5PbPnV95,0n3lXKNCF3Wvvcs7UY66Ae,3ActcmE8M7DpBHQiRFSx5G,5Ym19YSvxpcLhtlC2g605d,7fDHYNpNfSJ7h0jDX440Y5,3F95GrnJmIZlCUHwOVdBD6,4mKaGkUNWrbDtvTl7sZDkt,1PBk2knn4anq0vaS5KGDG2,0P6RjFd2HgG2AXJadQuGfE,5w9tlfIjUABdjxRLWTO7M9,43igNXZ6iv1VRE7CUwM0Nb,2d08QBDrm6K9yDNorcrIYL,3icbmPGKTsKAa0IinkizCM,4T0ScSPdQKmGvruK7pavNP,6m3ZWIXhjoV76syT1j2oE9,4tg1G3X26wDTmQbipgxhp5,76v0OHTbZGeOZYmaLtEDhQ,4viUsO0ZnlZrVCM945K6on,3p5Qm3hxPwsBs4JjEifIu8,7FJP35tUJ2121EJsFpU1Gh,1brwdYwjltrJo7WHpIvbYt
ERROR:root:Failed for IDs 0 to 100. HTTP Error: 400 Client Error: Bad Request for url: https://api.spotify.com/v1/tracks?ids=7crplFzt7spG80NCbpmuCp,1tYt8PbpbeTuqsNmprAZYY,52izjvF7wwveRG1rDJsGWe,1xQv4unOladJFtLUOy2eb7,3vv9phIu6Y1vX3jcqaGz5Z,0r4SsYcwvd8URat6AS2m6f,6WhzFzROw3aq3rPWjgYlxr,37k7igIs7IrMVUadwWKHJ6,6Knv6wdA0luoMUuuoYi2i1,6WjmPTZKeDylStKmGHLcqQ,6mNMp0g3zkg1K7uBpn07zl,6NljjfZDdfVh8x31Dwvj7J,2MNv9hlHsQUlxG00IKNxUY,3G2grVPTDrTQskKKsoEnRA,0PaemlGLiH2O6nAxRCzmee,7L5jgZtAyfiU7elB8DIqCx,6splO3UF8hSmK33y5fJTNk,3FQdtOMXdfDcDDjY1OHAqz,2Pjazbe7W5svzVZt1sBtb1,6WLS56xiRrXjSm9RSdL3zD,2H8LPaY3NSjmOFMH2Rygnz,0w3Q3VFdrYzo24QUIGnBNy,1omIb7BrAk7qwRrCSHJTc5,2OkU57LVQoynnVyLE1LrPN,4oHmgneU9dwYoqg0SJSOCf,3NBDgwEAGMj0aKRsU8zoO9,203t5YqpCFmIdxj8hIotxo,42JmSZ977by4p0AW0y558P,5IDra44Yb9g0GHzZCn1vX4,2QTp2o96FG61yVAxZTHqSV,5snyhxAh55A2wlNRH7VVZJ,0z8yrlXSjnI29Rv30RssNI,73JYmIV6UitbrIDyGb2lWf,4n5wWTTgnLtb8nVwPWVzgx,76fM7d7hS1jHSzCGIy69DN,7tSMnub7dlynTcPGwvjOMP,7yiAjQfyR6f2AJ8sxlRect,3PnOOmkxruDDAiMYZZTgO7,2d29B8frPbRpZdsRRYLBwW,7cV0xhXZOPhdlBUODvCrDZ,2Y6HWIuckvl1hjmgIs4c6t,54Rssqg0VtNDbjXXE7TKKB,2H8LPaY3NSjmOFMH2Rygnz,7ApiM6Uz81EyYsqwyDdHXj,2mhRCxwEm4SRIGYheTHvak,0eTqzHbGVELiaSiJMpbu7z,7qVbgfYUPrcPcJtqZoRis3,3Wh8OMeqg0vNUgT8kj6Z4T,6MMLr5UnPXkZp5kJHBDPxO,4uV4Z0AWvxwATZxopGUJla,3v2U3z1rTbDAXyy3znfLi2,4A1IGpeMdt8sUdTPfNzYcd,0ZxfygC8NuLCepBOxHRVGk,1Ti1FWfTF8WK3PSBPQzy0z,1DZ9n7K1LZW8bWBZqGJUfN,2yGkxiZAitlsjNhqUmEm8U,0XXLwO7YHHTAK3OJkWQ37b,187ObOR6fkb6IqRWkKuy0a,32m3Omefuw5UynvibnMMOY,3G7XYAwtxtoGK7fAm4IlD9,3MAgQuClHcAV8E9CbeBS6f,5cr2MqXUs0TGaDByQnKVnX,2KxC2FpQMuddyCBoRYWfx8,4xRjLDNEMDhafYfo72iZp2,6lrMvyqEpwYSVcm6nKy5gk,7r0Wirvj3lK3jK0I8UtRoB,3FtYbEfBqAlGO46NUDQSAt,3AszgPDZd9q0DpDFt4HFBy,6cb0HzFQPN4BGADOmSzPCw,3zSCNTXI7Ed0PiidZVmzIe,5QlxJMuPUxn2J2rcudSK9Z,70cTMpcgWMcR18t9MRJFjB,5E3P9e1hvjyIOlFyqNB5eD,5R9a4t5t5O0IsznsrKPVro,75fsfkKHVkMmhdT0F8AiLL,6mNMp0g3zkg1K7uBpn07zl,6WQhN9NfH86UwxnLjBugYv,2OkU57LVQoynnVyLE1LrPN,3o7UOe10g5nhUj5PbPnV95,0n3lXKNCF3Wvvcs7UY66Ae,3ActcmE8M7DpBHQiRFSx5G,5Ym19YSvxpcLhtlC2g605d,7fDHYNpNfSJ7h0jDX440Y5,3F95GrnJmIZlCUHwOVdBD6,4mKaGkUNWrbDtvTl7sZDkt,1PBk2knn4anq0vaS5KGDG2,0P6RjFd2HgG2AXJadQuGfE,5w9tlfIjUABdjxRLWTO7M9,43igNXZ6iv1VRE7CUwM0Nb,2d08QBDrm6K9yDNorcrIYL,3icbmPGKTsKAa0IinkizCM,4T0ScSPdQKmGvruK7pavNP,6m3ZWIXhjoV76syT1j2oE9,4tg1G3X26wDTmQbipgxhp5,76v0OHTbZGeOZYmaLtEDhQ,4viUsO0ZnlZrVCM945K6on,3p5Qm3hxPwsBs4JjEifIu8,7FJP35tUJ2121EJsFpU1Gh,1brwdYwjltrJo7WHpIvbYt,5Y3LTdywsMjLsuwTmNWGVO
ERROR:root:Failed for IDs 0 to 90. HTTP Error: 400 Client Error: Bad Request for url: https://api.spotify.com/v1/tracks?ids=7crplFzt7spG80NCbpmuCp,1tYt8PbpbeTuqsNmprAZYY,52izjvF7wwveRG1rDJsGWe,1xQv4unOladJFtLUOy2eb7,3vv9phIu6Y1vX3jcqaGz5Z,0r4SsYcwvd8URat6AS2m6f,6WhzFzROw3aq3rPWjgYlxr,37k7igIs7IrMVUadwWKHJ6,6Knv6wdA0luoMUuuoYi2i1,6WjmPTZKeDylStKmGHLcqQ,6mNMp0g3zkg1K7uBpn07zl,6NljjfZDdfVh8x31Dwvj7J,2MNv9hlHsQUlxG00IKNxUY,3G2grVPTDrTQskKKsoEnRA,0PaemlGLiH2O6nAxRCzmee,7L5jgZtAyfiU7elB8DIqCx,6splO3UF8hSmK33y5fJTNk,3FQdtOMXdfDcDDjY1OHAqz,2Pjazbe7W5svzVZt1sBtb1,6WLS56xiRrXjSm9RSdL3zD,2H8LPaY3NSjmOFMH2Rygnz,0w3Q3VFdrYzo24QUIGnBNy,1omIb7BrAk7qwRrCSHJTc5,2OkU57LVQoynnVyLE1LrPN,4oHmgneU9dwYoqg0SJSOCf,3NBDgwEAGMj0aKRsU8zoO9,203t5YqpCFmIdxj8hIotxo,42JmSZ977by4p0AW0y558P,5IDra44Yb9g0GHzZCn1vX4,2QTp2o96FG61yVAxZTHqSV,5snyhxAh55A2wlNRH7VVZJ,0z8yrlXSjnI29Rv30RssNI,73JYmIV6UitbrIDyGb2lWf,4n5wWTTgnLtb8nVwPWVzgx,76fM7d7hS1jHSzCGIy69DN,7tSMnub7dlynTcPGwvjOMP,7yiAjQfyR6f2AJ8sxlRect,3PnOOmkxruDDAiMYZZTgO7,2d29B8frPbRpZdsRRYLBwW,7cV0xhXZOPhdlBUODvCrDZ,2Y6HWIuckvl1hjmgIs4c6t,54Rssqg0VtNDbjXXE7TKKB,2H8LPaY3NSjmOFMH2Rygnz,7ApiM6Uz81EyYsqwyDdHXj,2mhRCxwEm4SRIGYheTHvak,0eTqzHbGVELiaSiJMpbu7z,7qVbgfYUPrcPcJtqZoRis3,3Wh8OMeqg0vNUgT8kj6Z4T,6MMLr5UnPXkZp5kJHBDPxO,4uV4Z0AWvxwATZxopGUJla,3v2U3z1rTbDAXyy3znfLi2,4A1IGpeMdt8sUdTPfNzYcd,0ZxfygC8NuLCepBOxHRVGk,1Ti1FWfTF8WK3PSBPQzy0z,1DZ9n7K1LZW8bWBZqGJUfN,2yGkxiZAitlsjNhqUmEm8U,0XXLwO7YHHTAK3OJkWQ37b,187ObOR6fkb6IqRWkKuy0a,32m3Omefuw5UynvibnMMOY,3G7XYAwtxtoGK7fAm4IlD9,3MAgQuClHcAV8E9CbeBS6f,5cr2MqXUs0TGaDByQnKVnX,2KxC2FpQMuddyCBoRYWfx8,4xRjLDNEMDhafYfo72iZp2,6lrMvyqEpwYSVcm6nKy5gk,7r0Wirvj3lK3jK0I8UtRoB,3FtYbEfBqAlGO46NUDQSAt,3AszgPDZd9q0DpDFt4HFBy,6cb0HzFQPN4BGADOmSzPCw,3zSCNTXI7Ed0PiidZVmzIe,5QlxJMuPUxn2J2rcudSK9Z,70cTMpcgWMcR18t9MRJFjB,5E3P9e1hvjyIOlFyqNB5eD,5R9a4t5t5O0IsznsrKPVro,75fsfkKHVkMmhdT0F8AiLL,6mNMp0g3zkg1K7uBpn07zl,6WQhN9NfH86UwxnLjBugYv,2OkU57LVQoynnVyLE1LrPN,3o7UOe10g5nhUj5PbPnV95,0n3lXKNCF3Wvvcs7UY66Ae,3ActcmE8M7DpBHQiRFSx5G,5Ym19YSvxpcLhtlC2g605d,7fDHYNpNfSJ7h0jDX440Y5,3F95GrnJmIZlCUHwOVdBD6,4mKaGkUNWrbDtvTl7sZDkt,1PBk2knn4anq0vaS5KGDG2,0P6RjFd2HgG2AXJadQuGfE,5w9tlfIjUABdjxRLWTO7M9,43igNXZ6iv1VRE7CUwM0Nb,2d08QBDrm6K9yDNorcrIYL
ERROR:root:Failed for IDs 0 to 80. HTTP Error: 400 Client Error: Bad Request for url: https://api.spotify.com/v1/tracks?ids=7crplFzt7spG80NCbpmuCp,1tYt8PbpbeTuqsNmprAZYY,52izjvF7wwveRG1rDJsGWe,1xQv4unOladJFtLUOy2eb7,3vv9phIu6Y1vX3jcqaGz5Z,0r4SsYcwvd8URat6AS2m6f,6WhzFzROw3aq3rPWjgYlxr,37k7igIs7IrMVUadwWKHJ6,6Knv6wdA0luoMUuuoYi2i1,6WjmPTZKeDylStKmGHLcqQ,6mNMp0g3zkg1K7uBpn07zl,6NljjfZDdfVh8x31Dwvj7J,2MNv9hlHsQUlxG00IKNxUY,3G2grVPTDrTQskKKsoEnRA,0PaemlGLiH2O6nAxRCzmee,7L5jgZtAyfiU7elB8DIqCx,6splO3UF8hSmK33y5fJTNk,3FQdtOMXdfDcDDjY1OHAqz,2Pjazbe7W5svzVZt1sBtb1,6WLS56xiRrXjSm9RSdL3zD,2H8LPaY3NSjmOFMH2Rygnz,0w3Q3VFdrYzo24QUIGnBNy,1omIb7BrAk7qwRrCSHJTc5,2OkU57LVQoynnVyLE1LrPN,4oHmgneU9dwYoqg0SJSOCf,3NBDgwEAGMj0aKRsU8zoO9,203t5YqpCFmIdxj8hIotxo,42JmSZ977by4p0AW0y558P,5IDra44Yb9g0GHzZCn1vX4,2QTp2o96FG61yVAxZTHqSV,5snyhxAh55A2wlNRH7VVZJ,0z8yrlXSjnI29Rv30RssNI,73JYmIV6UitbrIDyGb2lWf,4n5wWTTgnLtb8nVwPWVzgx,76fM7d7hS1jHSzCGIy69DN,7tSMnub7dlynTcPGwvjOMP,7yiAjQfyR6f2AJ8sxlRect,3PnOOmkxruDDAiMYZZTgO7,2d29B8frPbRpZdsRRYLBwW,7cV0xhXZOPhdlBUODvCrDZ,2Y6HWIuckvl1hjmgIs4c6t,54Rssqg0VtNDbjXXE7TKKB,2H8LPaY3NSjmOFMH2Rygnz,7ApiM6Uz81EyYsqwyDdHXj,2mhRCxwEm4SRIGYheTHvak,0eTqzHbGVELiaSiJMpbu7z,7qVbgfYUPrcPcJtqZoRis3,3Wh8OMeqg0vNUgT8kj6Z4T,6MMLr5UnPXkZp5kJHBDPxO,4uV4Z0AWvxwATZxopGUJla,3v2U3z1rTbDAXyy3znfLi2,4A1IGpeMdt8sUdTPfNzYcd,0ZxfygC8NuLCepBOxHRVGk,1Ti1FWfTF8WK3PSBPQzy0z,1DZ9n7K1LZW8bWBZqGJUfN,2yGkxiZAitlsjNhqUmEm8U,0XXLwO7YHHTAK3OJkWQ37b,187ObOR6fkb6IqRWkKuy0a,32m3Omefuw5UynvibnMMOY,3G7XYAwtxtoGK7fAm4IlD9,3MAgQuClHcAV8E9CbeBS6f,5cr2MqXUs0TGaDByQnKVnX,2KxC2FpQMuddyCBoRYWfx8,4xRjLDNEMDhafYfo72iZp2,6lrMvyqEpwYSVcm6nKy5gk,7r0Wirvj3lK3jK0I8UtRoB,3FtYbEfBqAlGO46NUDQSAt,3AszgPDZd9q0DpDFt4HFBy,6cb0HzFQPN4BGADOmSzPCw,3zSCNTXI7Ed0PiidZVmzIe,5QlxJMuPUxn2J2rcudSK9Z,70cTMpcgWMcR18t9MRJFjB,5E3P9e1hvjyIOlFyqNB5eD,5R9a4t5t5O0IsznsrKPVro,75fsfkKHVkMmhdT0F8AiLL,6mNMp0g3zkg1K7uBpn07zl,6WQhN9NfH86UwxnLjBugYv,2OkU57LVQoynnVyLE1LrPN,3o7UOe10g5nhUj5PbPnV95,0n3lXKNCF3Wvvcs7UY66Ae
ERROR:root:Failed for IDs 0 to 70. HTTP Error: 400 Client Error: Bad Request for url: https://api.spotify.com/v1/tracks?ids=7crplFzt7spG80NCbpmuCp,1tYt8PbpbeTuqsNmprAZYY,52izjvF7wwveRG1rDJsGWe,1xQv4unOladJFtLUOy2eb7,3vv9phIu6Y1vX3jcqaGz5Z,0r4SsYcwvd8URat6AS2m6f,6WhzFzROw3aq3rPWjgYlxr,37k7igIs7IrMVUadwWKHJ6,6Knv6wdA0luoMUuuoYi2i1,6WjmPTZKeDylStKmGHLcqQ,6mNMp0g3zkg1K7uBpn07zl,6NljjfZDdfVh8x31Dwvj7J,2MNv9hlHsQUlxG00IKNxUY,3G2grVPTDrTQskKKsoEnRA,0PaemlGLiH2O6nAxRCzmee,7L5jgZtAyfiU7elB8DIqCx,6splO3UF8hSmK33y5fJTNk,3FQdtOMXdfDcDDjY1OHAqz,2Pjazbe7W5svzVZt1sBtb1,6WLS56xiRrXjSm9RSdL3zD,2H8LPaY3NSjmOFMH2Rygnz,0w3Q3VFdrYzo24QUIGnBNy,1omIb7BrAk7qwRrCSHJTc5,2OkU57LVQoynnVyLE1LrPN,4oHmgneU9dwYoqg0SJSOCf,3NBDgwEAGMj0aKRsU8zoO9,203t5YqpCFmIdxj8hIotxo,42JmSZ977by4p0AW0y558P,5IDra44Yb9g0GHzZCn1vX4,2QTp2o96FG61yVAxZTHqSV,5snyhxAh55A2wlNRH7VVZJ,0z8yrlXSjnI29Rv30RssNI,73JYmIV6UitbrIDyGb2lWf,4n5wWTTgnLtb8nVwPWVzgx,76fM7d7hS1jHSzCGIy69DN,7tSMnub7dlynTcPGwvjOMP,7yiAjQfyR6f2AJ8sxlRect,3PnOOmkxruDDAiMYZZTgO7,2d29B8frPbRpZdsRRYLBwW,7cV0xhXZOPhdlBUODvCrDZ,2Y6HWIuckvl1hjmgIs4c6t,54Rssqg0VtNDbjXXE7TKKB,2H8LPaY3NSjmOFMH2Rygnz,7ApiM6Uz81EyYsqwyDdHXj,2mhRCxwEm4SRIGYheTHvak,0eTqzHbGVELiaSiJMpbu7z,7qVbgfYUPrcPcJtqZoRis3,3Wh8OMeqg0vNUgT8kj6Z4T,6MMLr5UnPXkZp5kJHBDPxO,4uV4Z0AWvxwATZxopGUJla,3v2U3z1rTbDAXyy3znfLi2,4A1IGpeMdt8sUdTPfNzYcd,0ZxfygC8NuLCepBOxHRVGk,1Ti1FWfTF8WK3PSBPQzy0z,1DZ9n7K1LZW8bWBZqGJUfN,2yGkxiZAitlsjNhqUmEm8U,0XXLwO7YHHTAK3OJkWQ37b,187ObOR6fkb6IqRWkKuy0a,32m3Omefuw5UynvibnMMOY,3G7XYAwtxtoGK7fAm4IlD9,3MAgQuClHcAV8E9CbeBS6f,5cr2MqXUs0TGaDByQnKVnX,2KxC2FpQMuddyCBoRYWfx8,4xRjLDNEMDhafYfo72iZp2,6lrMvyqEpwYSVcm6nKy5gk,7r0Wirvj3lK3jK0I8UtRoB,3FtYbEfBqAlGO46NUDQSAt,3AszgPDZd9q0DpDFt4HFBy,6cb0HzFQPN4BGADOmSzPCw,3zSCNTXI7Ed0PiidZVmzIe
ERROR:root:Failed for IDs 0 to 60. HTTP Error: 400 Client Error: Bad Request for url: https://api.spotify.com/v1/tracks?ids=7crplFzt7spG80NCbpmuCp,1tYt8PbpbeTuqsNmprAZYY,52izjvF7wwveRG1rDJsGWe,1xQv4unOladJFtLUOy2eb7,3vv9phIu6Y1vX3jcqaGz5Z,0r4SsYcwvd8URat6AS2m6f,6WhzFzROw3aq3rPWjgYlxr,37k7igIs7IrMVUadwWKHJ6,6Knv6wdA0luoMUuuoYi2i1,6WjmPTZKeDylStKmGHLcqQ,6mNMp0g3zkg1K7uBpn07zl,6NljjfZDdfVh8x31Dwvj7J,2MNv9hlHsQUlxG00IKNxUY,3G2grVPTDrTQskKKsoEnRA,0PaemlGLiH2O6nAxRCzmee,7L5jgZtAyfiU7elB8DIqCx,6splO3UF8hSmK33y5fJTNk,3FQdtOMXdfDcDDjY1OHAqz,2Pjazbe7W5svzVZt1sBtb1,6WLS56xiRrXjSm9RSdL3zD,2H8LPaY3NSjmOFMH2Rygnz,0w3Q3VFdrYzo24QUIGnBNy,1omIb7BrAk7qwRrCSHJTc5,2OkU57LVQoynnVyLE1LrPN,4oHmgneU9dwYoqg0SJSOCf,3NBDgwEAGMj0aKRsU8zoO9,203t5YqpCFmIdxj8hIotxo,42JmSZ977by4p0AW0y558P,5IDra44Yb9g0GHzZCn1vX4,2QTp2o96FG61yVAxZTHqSV,5snyhxAh55A2wlNRH7VVZJ,0z8yrlXSjnI29Rv30RssNI,73JYmIV6UitbrIDyGb2lWf,4n5wWTTgnLtb8nVwPWVzgx,76fM7d7hS1jHSzCGIy69DN,7tSMnub7dlynTcPGwvjOMP,7yiAjQfyR6f2AJ8sxlRect,3PnOOmkxruDDAiMYZZTgO7,2d29B8frPbRpZdsRRYLBwW,7cV0xhXZOPhdlBUODvCrDZ,2Y6HWIuckvl1hjmgIs4c6t,54Rssqg0VtNDbjXXE7TKKB,2H8LPaY3NSjmOFMH2Rygnz,7ApiM6Uz81EyYsqwyDdHXj,2mhRCxwEm4SRIGYheTHvak,0eTqzHbGVELiaSiJMpbu7z,7qVbgfYUPrcPcJtqZoRis3,3Wh8OMeqg0vNUgT8kj6Z4T,6MMLr5UnPXkZp5kJHBDPxO,4uV4Z0AWvxwATZxopGUJla,3v2U3z1rTbDAXyy3znfLi2,4A1IGpeMdt8sUdTPfNzYcd,0ZxfygC8NuLCepBOxHRVGk,1Ti1FWfTF8WK3PSBPQzy0z,1DZ9n7K1LZW8bWBZqGJUfN,2yGkxiZAitlsjNhqUmEm8U,0XXLwO7YHHTAK3OJkWQ37b,187ObOR6fkb6IqRWkKuy0a,32m3Omefuw5UynvibnMMOY,3G7XYAwtxtoGK7fAm4IlD9
INFO:root:Data saved from 0 to 50
INFO:root:Data saved from 50 to 100
INFO:root:Data saved from 100 to 150
INFO:root:Data saved from 150 to 200
INFO:root:Data saved from 200 to 250
INFO:root:Data saved from 250 to 300
INFO:root:Data saved from 300 to 350
INFO:root:Data saved from 350 to 400
INFO:root:Data saved from 400 to 450
INFO:root:Data saved from 450 to 500
INFO:root:Data saved from 500 to 550
INFO:root:Data saved from 550 to 600
INFO:root:Data saved from 600 to 650
INFO:root:Data saved from 650 to 700
INFO:root:Data saved from 700 to 750
INFO:root:Data saved from 750 to 800
INFO:root:Data saved from 800 to 850
INFO:root:Data saved from 850 to 900
INFO:root:Data saved from 900 to 950
INFO:root:Data saved from 950 to 1000
INFO:root:Data saved from 1000 to 1050
INFO:root:Data saved from 1050 to 1100
INFO:root:Data saved from 1100 to 1150
INFO:root:Data saved from 1150 to 1200
INFO:root:Data saved from 1200 to 1250
INFO:root:Data saved from 1250 to 1300
INFO:root:Data saved from 1300 to 1350
INFO:root:Data saved from 1350 to 1400
INFO:root:Data saved from 1400 to 1450
INFO:root:Data saved from 1450 to 1500
INFO:root:Data saved from 1500 to 1550
INFO:root:Data saved from 1550 to 1600
INFO:root:Data saved from 1600 to 1650
INFO:root:Data saved from 1650 to 1700
INFO:root:Data saved from 1700 to 1750
INFO:root:Data saved from 1750 to 1800
INFO:root:Data saved from 1800 to 1850
INFO:root:Data saved from 1850 to 1900
INFO:root:Data saved from 1900 to 1950
INFO:root:Data saved from 1950 to 2000
INFO:root:Data saved from 2000 to 2050
INFO:root:Data saved from 2050 to 2100
INFO:root:Data saved from 2100 to 2150
INFO:root:Data saved from 2150 to 2200
INFO:root:Data saved from 2200 to 2250
INFO:root:Data saved from 2250 to 2300
INFO:root:Data saved from 2300 to 2350
INFO:root:Data saved from 2350 to 2400
INFO:root:Data saved from 2400 to 2450
INFO:root:Data saved from 2450 to 2500
INFO:root:Data saved from 2500 to 2550
INFO:root:Data saved from 2550 to 2600
INFO:root:Data saved from 2600 to 2650
INFO:root:Data saved from 2650 to 2700
INFO:root:Data saved from 2700 to 2750
INFO:root:Data saved from 2750 to 2800
INFO:root:Data saved from 2800 to 2850
INFO:root:Data saved from 2850 to 2900
INFO:root:Data saved from 2900 to 2950
INFO:root:Data saved from 2950 to 3000
INFO:root:Data saved from 3000 to 3050
INFO:root:Data saved from 3050 to 3100
INFO:root:Data saved from 3100 to 3150
INFO:root:Data saved from 3150 to 3200
INFO:root:Data saved from 3200 to 3250
INFO:root:Data saved from 3250 to 3300
INFO:root:Data saved from 3300 to 3350
INFO:root:Data saved from 3350 to 3400
INFO:root:Data saved from 3400 to 3450
INFO:root:Data saved from 3450 to 3500
INFO:root:Data saved from 3500 to 3550
INFO:root:Data saved from 3550 to 3600
INFO:root:Data saved from 3600 to 3650
INFO:root:Data saved from 3650 to 3700
INFO:root:Data saved from 3700 to 3750
INFO:root:Data saved from 3750 to 3800
INFO:root:Data saved from 3800 to 3850
INFO:root:Data saved from 3850 to 3900
INFO:root:Data saved from 3900 to 3950
INFO:root:Data saved from 3950 to 4000
INFO:root:Data saved from 4000 to 4050
INFO:root:Data saved from 4050 to 4100
INFO:root:Data saved from 4100 to 4150
INFO:root:Data saved from 4150 to 4200
INFO:root:Data saved from 4200 to 4250
INFO:root:Data saved from 4250 to 4300
INFO:root:Data saved from 4300 to 4350
INFO:root:Data saved from 4350 to 4400
INFO:root:Data saved from 4400 to 4450
INFO:root:Data saved from 4450 to 4500
INFO:root:Data saved from 4500 to 4550
INFO:root:Data saved from 4550 to 4600
INFO:root:Data saved from 4600 to 4650
INFO:root:Data saved from 4650 to 4700
INFO:root:Data saved from 4700 to 4750
INFO:root:Data saved from 4750 to 4800
INFO:root:Data saved from 4800 to 4850
INFO:root:Data saved from 4850 to 4900
INFO:root:Data saved from 4900 to 4950
INFO:root:Data saved from 4950 to 5000
INFO:root:Data saved from 5000 to 5050
INFO:root:Data saved from 5050 to 5100
INFO:root:Data saved from 5100 to 5150
INFO:root:Data saved from 5150 to 5200
INFO:root:Data saved from 5200 to 5250
INFO:root:Data saved from 5250 to 5300
INFO:root:Data saved from 5300 to 5350
INFO:root:Data saved from 5350 to 5400
INFO:root:Data saved from 5400 to 5450
INFO:root:Data saved from 5450 to 5500
INFO:root:Data saved from 5500 to 5550
INFO:root:Data saved from 5550 to 5600
INFO:root:Data saved from 5600 to 5650
INFO:root:Data saved from 5650 to 5700
INFO:root:Data saved from 5700 to 5750
INFO:root:Data saved from 5750 to 5800
INFO:root:Data saved from 5800 to 5850
INFO:root:Data saved from 5850 to 5900
INFO:root:Data saved from 5900 to 5950
INFO:root:Data saved from 5950 to 6000
INFO:root:Data saved from 6000 to 6050
INFO:root:Data saved from 6050 to 6100
INFO:root:Data saved from 6100 to 6150
INFO:root:Data saved from 6150 to 6200
INFO:root:Data saved from 6200 to 6250
INFO:root:Data saved from 6250 to 6300
INFO:root:Data saved from 6300 to 6350
INFO:root:Data saved from 6350 to 6400
INFO:root:Data saved from 6400 to 6450
INFO:root:Data saved from 6450 to 6500
INFO:root:Data saved from 6500 to 6550
INFO:root:Data saved from 6550 to 6600
INFO:root:Data saved from 6600 to 6650
INFO:root:Data saved from 6650 to 6700
INFO:root:Data saved from 6700 to 6750
INFO:root:Data saved from 6750 to 6800
INFO:root:Data saved from 6800 to 6850
INFO:root:Data saved from 6850 to 6900
INFO:root:Data saved from 6900 to 6950
INFO:root:Data saved from 6950 to 7000
INFO:root:Data saved from 7000 to 7050
INFO:root:Data saved from 7050 to 7100
INFO:root:Data saved from 7100 to 7150
INFO:root:Data saved from 7150 to 7200
INFO:root:Data saved from 7200 to 7250
INFO:root:Data saved from 7250 to 7300
INFO:root:Data saved from 7300 to 7350
INFO:root:Data saved from 7350 to 7400
INFO:root:Data saved from 7400 to 7450
INFO:root:Data saved from 7450 to 7500
INFO:root:Data saved from 7500 to 7550
INFO:root:Data saved from 7550 to 7600
INFO:root:Data saved from 7600 to 7650
INFO:root:Data saved from 7650 to 7700
INFO:root:Data saved from 7700 to 7750
INFO:root:Data saved from 7750 to 7800
INFO:root:Data saved from 7800 to 7850
INFO:root:Data saved from 7850 to 7900
INFO:root:Data saved from 7900 to 7950
INFO:root:Data saved from 7950 to 8000
INFO:root:Data saved from 8000 to 8050
INFO:root:Data saved from 8050 to 8100
INFO:root:Data saved from 8100 to 8150
INFO:root:Data saved from 8150 to 8200
INFO:root:Data saved from 8200 to 8250
INFO:root:Data saved from 8250 to 8300
INFO:root:Data saved from 8300 to 8350
INFO:root:Data saved from 8350 to 8400
INFO:root:Data saved from 8400 to 8450
INFO:root:Data saved from 8450 to 8500
INFO:root:Data saved from 8500 to 8550
INFO:root:Data saved from 8550 to 8600
INFO:root:Data saved from 8600 to 8650
INFO:root:Data saved from 8650 to 8700
INFO:root:Data saved from 8700 to 8750
INFO:root:Data saved from 8750 to 8800
INFO:root:Data saved from 8800 to 8850
INFO:root:Data saved from 8850 to 8900
INFO:root:Data saved from 8900 to 8950
INFO:root:Data saved from 8950 to 9000
INFO:root:Data saved from 9000 to 9050
INFO:root:Data saved from 9050 to 9100
INFO:root:Data saved from 9100 to 9150
INFO:root:Data saved from 9150 to 9200
INFO:root:Data saved from 9200 to 9250
INFO:root:Data saved from 9250 to 9300
INFO:root:Data saved from 9300 to 9350
INFO:root:Data saved from 9350 to 9400
INFO:root:Data saved from 9400 to 9450
INFO:root:Data saved from 9450 to 9500
INFO:root:Data saved from 9500 to 9550
INFO:root:Data saved from 9550 to 9600
INFO:root:Data saved from 9600 to 9650
INFO:root:Data saved from 9650 to 9700
INFO:root:Data saved from 9700 to 9750
INFO:root:Data saved from 9750 to 9800
INFO:root:Data saved from 9800 to 9850
INFO:root:Data saved from 9850 to 9900
INFO:root:Data saved from 9900 to 9950
INFO:root:Data saved from 9950 to 10000
INFO:root:Data saved from 10000 to 10050
INFO:root:Data saved from 10050 to 10100
INFO:root:Data saved from 10100 to 10150
INFO:root:Data saved from 10150 to 10200
INFO:root:Data saved from 10200 to 10250
INFO:root:Data saved from 10250 to 10300
INFO:root:Data saved from 10300 to 10350
INFO:root:Data saved from 10350 to 10400
INFO:root:Data saved from 10400 to 10450
INFO:root:Data saved from 10450 to 10500
INFO:root:Data saved from 10500 to 10550
INFO:root:Data saved from 10550 to 10600
INFO:root:Data saved from 10600 to 10650
INFO:root:Data saved from 10650 to 10700
INFO:root:Data saved from 10700 to 10750
INFO:root:Data saved from 10750 to 10800
INFO:root:Data saved from 10800 to 10850
INFO:root:Data saved from 10850 to 10900
INFO:root:Data saved from 10900 to 10950
INFO:root:Data saved from 10950 to 11000
INFO:root:Data saved from 11000 to 11050
INFO:root:Data saved from 11050 to 11100
INFO:root:Data saved from 11100 to 11150
INFO:root:Data saved from 11150 to 11200
INFO:root:Data saved from 11200 to 11250
INFO:root:Data saved from 11250 to 11300
INFO:root:Data saved from 11300 to 11350
INFO:root:Data saved from 11350 to 11400
INFO:root:Data saved from 11400 to 11450
INFO:root:Data saved from 11450 to 11500
INFO:root:Data saved from 11500 to 11550
INFO:root:Data saved from 11550 to 11600
INFO:root:Data saved from 11600 to 11650
INFO:root:Data saved from 11650 to 11700
INFO:root:Data saved from 11700 to 11750
INFO:root:Data saved from 11750 to 11800
INFO:root:Data saved from 11800 to 11850
INFO:root:Data saved from 11850 to 11900
INFO:root:Data saved from 11900 to 11950
INFO:root:Data saved from 11950 to 12000
INFO:root:Data saved from 12000 to 12050
INFO:root:Data saved from 12050 to 12100
INFO:root:Data saved from 12100 to 12150
INFO:root:Data saved from 12150 to 12200
INFO:root:Data saved from 12200 to 12250
INFO:root:Data saved from 12250 to 12300
INFO:root:Data saved from 12300 to 12350
INFO:root:Data saved from 12350 to 12400
INFO:root:Data saved from 12400 to 12450
INFO:root:Data saved from 12450 to 12500
INFO:root:Data saved from 12500 to 12550
INFO:root:Data saved from 12550 to 12600
INFO:root:Data saved from 12600 to 12650
INFO:root:Data saved from 12650 to 12700
INFO:root:Data saved from 12700 to 12750
INFO:root:Data saved from 12750 to 12800
INFO:root:Data saved from 12800 to 12850
INFO:root:Data saved from 12850 to 12900
INFO:root:Data saved from 12900 to 12950
INFO:root:Data saved from 12950 to 13000
INFO:root:Data saved from 13000 to 13050
INFO:root:Data saved from 13050 to 13100
INFO:root:Data saved from 13100 to 13150
INFO:root:Data saved from 13150 to 13200
INFO:root:Data saved from 13200 to 13250
INFO:root:Data saved from 13250 to 13300
INFO:root:Data saved from 13300 to 13350
INFO:root:Data saved from 13350 to 13400
INFO:root:Data saved from 13400 to 13450
INFO:root:Data saved from 13450 to 13500
INFO:root:Data saved from 13500 to 13550
INFO:root:Data saved from 13550 to 13600
INFO:root:Data saved from 13600 to 13650
INFO:root:Data saved from 13650 to 13700
INFO:root:Data saved from 13700 to 13750
INFO:root:Data saved from 13750 to 13800
INFO:root:Data saved from 13800 to 13850
INFO:root:Data saved from 13850 to 13900
INFO:root:Data saved from 13900 to 13950
INFO:root:Data saved from 13950 to 14000
INFO:root:Data saved from 14000 to 14050
INFO:root:Data saved from 14050 to 14100
INFO:root:Data saved from 14100 to 14150
INFO:root:Data saved from 14150 to 14200
INFO:root:Data saved from 14200 to 14250
INFO:root:Data saved from 14250 to 14300
INFO:root:Data saved from 14300 to 14350
INFO:root:Data saved from 14350 to 14400
INFO:root:Data saved from 14400 to 14450
INFO:root:Data saved from 14450 to 14500
INFO:root:Data saved from 14500 to 14550
INFO:root:Data saved from 14550 to 14600
INFO:root:Data saved from 14600 to 14650
INFO:root:Data saved from 14650 to 14700
INFO:root:Data saved from 14700 to 14750
INFO:root:Data saved from 14750 to 14800
INFO:root:Data saved from 14800 to 14850
INFO:root:Data saved from 14850 to 14900
INFO:root:Data saved from 14900 to 14950
INFO:root:Data saved from 14950 to 15000
INFO:root:Data saved from 15000 to 15050
INFO:root:Data saved from 15050 to 15100
INFO:root:Data saved from 15100 to 15150
INFO:root:Data saved from 15150 to 15200
INFO:root:Data saved from 15200 to 15250
INFO:root:Data saved from 15250 to 15300
INFO:root:Data saved from 15300 to 15350
INFO:root:Data saved from 15350 to 15400
INFO:root:Data saved from 15400 to 15450
INFO:root:Data saved from 15450 to 15500
INFO:root:Data saved from 15500 to 15550
INFO:root:Data saved from 15550 to 15600
INFO:root:Data saved from 15600 to 15650
INFO:root:Data saved from 15650 to 15700
INFO:root:Data saved from 15700 to 15750
INFO:root:Data saved from 15750 to 15800
INFO:root:Data saved from 15800 to 15850
INFO:root:Data saved from 15850 to 15900
INFO:root:Data saved from 15900 to 15950
INFO:root:Data saved from 15950 to 16000
INFO:root:Data saved from 16000 to 16050
INFO:root:Data saved from 16050 to 16100
INFO:root:Data saved from 16100 to 16150
INFO:root:Data saved from 16150 to 16200
INFO:root:Data saved from 16200 to 16250
INFO:root:Data saved from 16250 to 16300
INFO:root:Data saved from 16300 to 16350
INFO:root:Data saved from 16350 to 16400
INFO:root:Data saved from 16400 to 16450
INFO:root:Data saved from 16450 to 16500
INFO:root:Data saved from 16500 to 16550
INFO:root:Data saved from 16550 to 16600
INFO:root:Data saved from 16600 to 16650
INFO:root:Data saved from 16650 to 16700
INFO:root:Data saved from 16700 to 16750
INFO:root:Data saved from 16750 to 16800
INFO:root:Data saved from 16800 to 16850
INFO:root:Data saved from 16850 to 16900
INFO:root:Data saved from 16900 to 16950
INFO:root:Data saved from 16950 to 17000
INFO:root:Data saved from 17000 to 17050
INFO:root:Data saved from 17050 to 17100
INFO:root:Data saved from 17100 to 17150
INFO:root:Data saved from 17150 to 17200
INFO:root:Data saved from 17200 to 17250
INFO:root:Data saved from 17250 to 17300
INFO:root:Data saved from 17300 to 17350
INFO:root:Data saved from 17350 to 17400
INFO:root:Data saved from 17400 to 17450
INFO:root:Data saved from 17450 to 17500
INFO:root:Data saved from 17500 to 17550
INFO:root:Data saved from 17550 to 17600
INFO:root:Data saved from 17600 to 17650
INFO:root:Data saved from 17650 to 17700
INFO:root:Data saved from 17700 to 17750
INFO:root:Data saved from 17750 to 17800
INFO:root:Data saved from 17800 to 17850
INFO:root:Data saved from 17850 to 17900
INFO:root:Data saved from 17900 to 17950
INFO:root:Data saved from 17950 to 18000
INFO:root:Data saved from 18000 to 18050
INFO:root:Data saved from 18050 to 18100
INFO:root:Data saved from 18100 to 18150
INFO:root:Data saved from 18150 to 18200
INFO:root:Data saved from 18200 to 18250
INFO:root:Data saved from 18250 to 18300
INFO:root:Data saved from 18300 to 18350
INFO:root:Data saved from 18350 to 18400
INFO:root:Data saved from 18400 to 18450
INFO:root:Data saved from 18450 to 18500
INFO:root:Data saved from 18500 to 18550
INFO:root:Data saved from 18550 to 18600
INFO:root:Data saved from 18600 to 18650
INFO:root:Data saved from 18650 to 18700
INFO:root:Data saved from 18700 to 18750
INFO:root:Data saved from 18750 to 18800
INFO:root:Data saved from 18800 to 18850
INFO:root:Data saved from 18850 to 18900
INFO:root:Data saved from 18900 to 18950
INFO:root:Data saved from 18950 to 19000
INFO:root:Data saved from 19000 to 19050
INFO:root:Data saved from 19050 to 19100
INFO:root:Data saved from 19100 to 19150
INFO:root:Data saved from 19150 to 19200
INFO:root:Data saved from 19200 to 19250
INFO:root:Data saved from 19250 to 19300
INFO:root:Data saved from 19300 to 19350
INFO:root:Data saved from 19350 to 19400
INFO:root:Data saved from 19400 to 19450
INFO:root:Data saved from 19450 to 19500
INFO:root:Data saved from 19500 to 19550
INFO:root:Data saved from 19550 to 19600
INFO:root:Data saved from 19600 to 19650
INFO:root:Data saved from 19650 to 19700
INFO:root:Data saved from 19700 to 19750
INFO:root:Data saved from 19750 to 19800
INFO:root:Data saved from 19800 to 19850
INFO:root:Data saved from 19850 to 19900
INFO:root:Data saved from 19900 to 19950
INFO:root:Data saved from 19950 to 20000
INFO:root:Data saved from 20000 to 20050
INFO:root:Data saved from 20050 to 20100
INFO:root:Data saved from 20100 to 20150
INFO:root:Data saved from 20150 to 20200
INFO:root:Data saved from 20200 to 20250
INFO:root:Data saved from 20250 to 20300
INFO:root:Data saved from 20300 to 20350
INFO:root:Data saved from 20350 to 20400
INFO:root:Data saved from 20400 to 20450
INFO:root:Data saved from 20450 to 20500
INFO:root:Data saved from 20500 to 20550
INFO:root:Data saved from 20550 to 20600
INFO:root:Data saved from 20600 to 20650
INFO:root:Data saved from 20650 to 20700
INFO:root:Data saved from 20700 to 20750
INFO:root:Data saved from 20750 to 20800
INFO:root:Data saved from 20800 to 20850
INFO:root:Data saved from 20850 to 20900
INFO:root:Data saved from 20900 to 20950
INFO:root:Data saved from 20950 to 21000
INFO:root:Data saved from 21000 to 21050
INFO:root:Data saved from 21050 to 21100
INFO:root:Data saved from 21100 to 21150
INFO:root:Data saved from 21150 to 21200
INFO:root:Data saved from 21200 to 21250
INFO:root:Data saved from 21250 to 21300
INFO:root:Data saved from 21300 to 21350
INFO:root:Data saved from 21350 to 21400
INFO:root:Data saved from 21400 to 21450
INFO:root:Data saved from 21450 to 21500
INFO:root:Data saved from 21500 to 21550
INFO:root:Data saved from 21550 to 21600
INFO:root:Data saved from 21600 to 21650
INFO:root:Data saved from 21650 to 21700
INFO:root:Data saved from 21700 to 21750
INFO:root:Data saved from 21750 to 21800
INFO:root:Data saved from 21800 to 21850
INFO:root:Data saved from 21850 to 21900
INFO:root:Data saved from 21900 to 21950
INFO:root:Data saved from 21950 to 22000
INFO:root:Data saved from 22000 to 22050
INFO:root:Data saved from 22050 to 22100
INFO:root:Data saved from 22100 to 22150
INFO:root:Data saved from 22150 to 22200
INFO:root:Data saved from 22200 to 22250
INFO:root:Data saved from 22250 to 22300
INFO:root:Data saved from 22300 to 22350
INFO:root:Data saved from 22350 to 22400
INFO:root:Data saved from 22400 to 22450
INFO:root:Data saved from 22450 to 22500
INFO:root:Data saved from 22500 to 22550
INFO:root:Data saved from 22550 to 22600
INFO:root:Data saved from 22600 to 22650
INFO:root:Data saved from 22650 to 22700
INFO:root:Data saved from 22700 to 22750
INFO:root:Data saved from 22750 to 22800
INFO:root:Data saved from 22800 to 22850
INFO:root:Data saved from 22850 to 22900
INFO:root:Data saved from 22900 to 22950
INFO:root:Data saved from 22950 to 23000
INFO:root:Data saved from 23000 to 23050
INFO:root:Data saved from 23050 to 23100
INFO:root:Data saved from 23100 to 23150
INFO:root:Data saved from 23150 to 23200
INFO:root:Data saved from 23200 to 23250
INFO:root:Data saved from 23250 to 23300
INFO:root:Data saved from 23300 to 23350
INFO:root:Data saved from 23350 to 23400
INFO:root:Data saved from 23400 to 23450
INFO:root:Data saved from 23450 to 23500
INFO:root:Data saved from 23500 to 23550
INFO:root:Data saved from 23550 to 23600
INFO:root:Data saved from 23600 to 23650
INFO:root:Data saved from 23650 to 23700
INFO:root:Data saved from 23700 to 23750
INFO:root:Data saved from 23750 to 23800
INFO:root:Data saved from 23800 to 23850
INFO:root:Data saved from 23850 to 23900
INFO:root:Data saved from 23900 to 23950
INFO:root:Data saved from 23950 to 24000
INFO:root:Data saved from 24000 to 24050
INFO:root:Data saved from 24050 to 24100
INFO:root:Data saved from 24100 to 24150
INFO:root:Data saved from 24150 to 24200
INFO:root:Data saved from 24200 to 24250
INFO:root:Data saved from 24250 to 24300
INFO:root:Data saved from 24300 to 24350
INFO:root:Data saved from 24350 to 24400
INFO:root:Data saved from 24400 to 24450
INFO:root:Data saved from 24450 to 24500
INFO:root:Data saved from 24500 to 24550
INFO:root:Data saved from 24550 to 24600
INFO:root:Data saved from 24600 to 24650
INFO:root:Data saved from 24650 to 24700
INFO:root:Data saved from 24700 to 24750
INFO:root:Data saved from 24750 to 24800
INFO:root:Data saved from 24800 to 24850
INFO:root:Data saved from 24850 to 24900
INFO:root:Data saved from 24900 to 24950
INFO:root:Data saved from 24950 to 25000
INFO:root:Data saved from 25000 to 25050
INFO:root:Data saved from 25050 to 25100
INFO:root:Data saved from 25100 to 25150
INFO:root:Data saved from 25150 to 25200
INFO:root:Data saved from 25200 to 25250
INFO:root:Data saved from 25250 to 25300
INFO:root:Data saved from 25300 to 25350
INFO:root:Data saved from 25350 to 25400
INFO:root:Data saved from 25400 to 25450
INFO:root:Data saved from 25450 to 25500
INFO:root:Data saved from 25500 to 25550
INFO:root:Data saved from 25550 to 25600
INFO:root:Data saved from 25600 to 25650
INFO:root:Data saved from 25650 to 25700
INFO:root:Data saved from 25700 to 25750
INFO:root:Data saved from 25750 to 25800
INFO:root:Data saved from 25800 to 25850
INFO:root:Data saved from 25850 to 25900
INFO:root:Data saved from 25900 to 25950
INFO:root:Data saved from 25950 to 26000
INFO:root:Data saved from 26000 to 26050
INFO:root:Data saved from 26050 to 26100
INFO:root:Data saved from 26100 to 26150
INFO:root:Data saved from 26150 to 26200
INFO:root:Data saved from 26200 to 26250
INFO:root:Data saved from 26250 to 26300
INFO:root:Data saved from 26300 to 26350
INFO:root:Data saved from 26350 to 26400
INFO:root:Data saved from 26400 to 26450
INFO:root:Data saved from 26450 to 26500
INFO:root:Data saved from 26500 to 26550
INFO:root:Data saved from 26550 to 26600
INFO:root:Data saved from 26600 to 26650
INFO:root:Data saved from 26650 to 26700
INFO:root:Data saved from 26700 to 26750
INFO:root:Data saved from 26750 to 26800
INFO:root:Data saved from 26800 to 26850
INFO:root:Data saved from 26850 to 26900
INFO:root:Data saved from 26900 to 26950
INFO:root:Data saved from 26950 to 27000
INFO:root:Data saved from 27000 to 27050
INFO:root:Data saved from 27050 to 27100
INFO:root:Data saved from 27100 to 27150
INFO:root:Data saved from 27150 to 27200
INFO:root:Data saved from 27200 to 27250
INFO:root:Data saved from 27250 to 27300
INFO:root:Data saved from 27300 to 27350
INFO:root:Data saved from 27350 to 27400
INFO:root:Data saved from 27400 to 27450
INFO:root:Data saved from 27450 to 27500
INFO:root:Data saved from 27500 to 27550
INFO:root:Data saved from 27550 to 27600
INFO:root:Data saved from 27600 to 27650
INFO:root:Data saved from 27650 to 27700
INFO:root:Data saved from 27700 to 27750
INFO:root:Data saved from 27750 to 27800
INFO:root:Data saved from 27800 to 27850
INFO:root:Data saved from 27850 to 27900
INFO:root:Data saved from 27900 to 27950
INFO:root:Data saved from 27950 to 28000
INFO:root:Data saved from 28000 to 28050
INFO:root:Data saved from 28050 to 28100
INFO:root:Data saved from 28100 to 28150
INFO:root:Data saved from 28150 to 28200
INFO:root:Data saved from 28200 to 28250
INFO:root:Data saved from 28250 to 28300
INFO:root:Data saved from 28300 to 28350
INFO:root:Data saved from 28350 to 28400
INFO:root:Data saved from 28400 to 28450
INFO:root:Data saved from 28450 to 28500
INFO:root:Data saved from 28500 to 28550
INFO:root:Data saved from 28550 to 28600
INFO:root:Data saved from 28600 to 28650
INFO:root:Data saved from 28650 to 28700
INFO:root:Data saved from 28700 to 28750
INFO:root:Data saved from 28750 to 28800
INFO:root:Data saved from 28800 to 28850
INFO:root:Data saved from 28850 to 28900
INFO:root:Data saved from 28900 to 28950
INFO:root:Data saved from 28950 to 29000
INFO:root:Data saved from 29000 to 29050
INFO:root:Data saved from 29050 to 29100
INFO:root:Data saved from 29100 to 29150
INFO:root:Data saved from 29150 to 29200
INFO:root:Data saved from 29200 to 29250
INFO:root:Data saved from 29250 to 29300
INFO:root:Data saved from 29300 to 29350
INFO:root:Data saved from 29350 to 29400
INFO:root:Data saved from 29400 to 29450
INFO:root:Data saved from 29450 to 29500
INFO:root:Data saved from 29500 to 29550
INFO:root:Data saved from 29550 to 29600
INFO:root:Data saved from 29600 to 29650
INFO:root:Data saved from 29650 to 29700
INFO:root:Data saved from 29700 to 29750
INFO:root:Data saved from 29750 to 29800
INFO:root:Data saved from 29800 to 29850
INFO:root:Data saved from 29850 to 29900
INFO:root:Data saved from 29900 to 29950
INFO:root:Data saved from 29950 to 30000
INFO:root:Data saved from 30000 to 30050
INFO:root:Data saved from 30050 to 30100
INFO:root:Data saved from 30100 to 30150
INFO:root:Data saved from 30150 to 30200
INFO:root:Data saved from 30200 to 30250
INFO:root:Data saved from 30250 to 30300
INFO:root:Data saved from 30300 to 30350
INFO:root:Data saved from 30350 to 30400
INFO:root:Data saved from 30400 to 30450
INFO:root:Data saved from 30450 to 30500
INFO:root:Data saved from 30500 to 30550
INFO:root:Data saved from 30550 to 30600
INFO:root:Data saved from 30600 to 30650
INFO:root:Data saved from 30650 to 30700
INFO:root:Data saved from 30700 to 30750
INFO:root:Data saved from 30750 to 30800
INFO:root:Data saved from 30800 to 30850
INFO:root:Data saved from 30850 to 30900
INFO:root:Data saved from 30900 to 30950
INFO:root:Data saved from 30950 to 31000
INFO:root:Data saved from 31000 to 31050
INFO:root:Data saved from 31050 to 31100
INFO:root:Data saved from 31100 to 31150
INFO:root:Data saved from 31150 to 31200
INFO:root:Data saved from 31200 to 31250
INFO:root:Data saved from 31250 to 31300
INFO:root:Data saved from 31300 to 31350
INFO:root:Data saved from 31350 to 31400
INFO:root:Data saved from 31400 to 31450
INFO:root:Data saved from 31450 to 31500
INFO:root:Data saved from 31500 to 31550
INFO:root:Data saved from 31550 to 31600
INFO:root:Data saved from 31600 to 31650
INFO:root:Data saved from 31650 to 31700
INFO:root:Data saved from 31700 to 31750
INFO:root:Data saved from 31750 to 31800
INFO:root:Data saved from 31800 to 31850
INFO:root:Data saved from 31850 to 31900
INFO:root:Data saved from 31900 to 31950
INFO:root:Data saved from 31950 to 32000
INFO:root:Data saved from 32000 to 32050
INFO:root:Data saved from 32050 to 32100
INFO:root:Data saved from 32100 to 32150
INFO:root:Data saved from 32150 to 32200
INFO:root:Data saved from 32200 to 32250
INFO:root:Data saved from 32250 to 32300
INFO:root:Data saved from 32300 to 32350
INFO:root:Data saved from 32350 to 32400
INFO:root:Data saved from 32400 to 32450
INFO:root:Data saved from 32450 to 32500
INFO:root:Data saved from 32500 to 32550
INFO:root:Data saved from 32550 to 32600
INFO:root:Data saved from 32600 to 32650
INFO:root:Data saved from 32650 to 32700
INFO:root:Data saved from 32700 to 32750
INFO:root:Data saved from 32750 to 32800
INFO:root:Data saved from 32800 to 32850
INFO:root:Data saved from 32850 to 32900
INFO:root:Data saved from 32900 to 32950
INFO:root:Data saved from 32950 to 33000
INFO:root:Data saved from 33000 to 33050
INFO:root:Data saved from 33050 to 33100
INFO:root:Data saved from 33100 to 33150
INFO:root:Data saved from 33150 to 33200
INFO:root:Data saved from 33200 to 33250
INFO:root:Data saved from 33250 to 33300
INFO:root:Data saved from 33300 to 33350
INFO:root:Data saved from 33350 to 33400
INFO:root:Data saved from 33400 to 33450
INFO:root:Data saved from 33450 to 33500
INFO:root:Data saved from 33500 to 33550
INFO:root:Data saved from 33550 to 33600
INFO:root:Data saved from 33600 to 33650
INFO:root:Data saved from 33650 to 33700
INFO:root:Data saved from 33700 to 33750
INFO:root:Data saved from 33750 to 33800
INFO:root:Data saved from 33800 to 33850
INFO:root:Data saved from 33850 to 33900
INFO:root:Data saved from 33900 to 33950
INFO:root:Data saved from 33950 to 34000
INFO:root:Data saved from 34000 to 34050
INFO:root:Data saved from 34050 to 34100
INFO:root:Data saved from 34100 to 34150
INFO:root:Data saved from 34150 to 34200
INFO:root:Data saved from 34200 to 34250
INFO:root:Data saved from 34250 to 34300
INFO:root:Data saved from 34300 to 34350
INFO:root:Data saved from 34350 to 34400
INFO:root:Data saved from 34400 to 34450
INFO:root:Data saved from 34450 to 34500
INFO:root:Data saved from 34500 to 34550
INFO:root:Data saved from 34550 to 34600
INFO:root:Data saved from 34600 to 34650
INFO:root:Data saved from 34650 to 34700
INFO:root:Data saved from 34700 to 34750
INFO:root:Data saved from 34750 to 34800
INFO:root:Data saved from 34800 to 34850
INFO:root:Data saved from 34850 to 34900
INFO:root:Data saved from 34900 to 34950
INFO:root:Data saved from 34950 to 35000
INFO:root:Data saved from 35000 to 35050
INFO:root:Data saved from 35050 to 35100
INFO:root:Data saved from 35100 to 35150
INFO:root:Data saved from 35150 to 35200
INFO:root:Data saved from 35200 to 35250
INFO:root:Data saved from 35250 to 35300
INFO:root:Data saved from 35300 to 35350
INFO:root:Data saved from 35350 to 35400
INFO:root:Data saved from 35400 to 35450
INFO:root:Data saved from 35450 to 35500
INFO:root:Data saved from 35500 to 35550
INFO:root:Data saved from 35550 to 35600
INFO:root:Data saved from 35600 to 35650
INFO:root:Data saved from 35650 to 35700
INFO:root:Data saved from 35700 to 35750
INFO:root:Data saved from 35750 to 35800
INFO:root:Data saved from 35800 to 35850
INFO:root:Data saved from 35850 to 35900
INFO:root:Data saved from 35900 to 35950
INFO:root:Data saved from 35950 to 36000
INFO:root:Data saved from 36000 to 36050
INFO:root:Data saved from 36050 to 36100
INFO:root:Data saved from 36100 to 36150
INFO:root:Data saved from 36150 to 36200
INFO:root:Data saved from 36200 to 36250
INFO:root:Data saved from 36250 to 36300
INFO:root:Data saved from 36300 to 36350
INFO:root:Data saved from 36350 to 36400
INFO:root:Data saved from 36400 to 36450
INFO:root:Data saved from 36450 to 36500
INFO:root:Data saved from 36500 to 36550
INFO:root:Data saved from 36550 to 36600
INFO:root:Data saved from 36600 to 36650
INFO:root:Data saved from 36650 to 36700
INFO:root:Data saved from 36700 to 36750
INFO:root:Data saved from 36750 to 36800
INFO:root:Data saved from 36800 to 36850
INFO:root:Data saved from 36850 to 36900
INFO:root:Data saved from 36900 to 36950
INFO:root:Data saved from 36950 to 37000
INFO:root:Data saved from 37000 to 37050
INFO:root:Data saved from 37050 to 37100
INFO:root:Data saved from 37100 to 37150
INFO:root:Data saved from 37150 to 37200
INFO:root:Data saved from 37200 to 37250
INFO:root:Data saved from 37250 to 37300
INFO:root:Data saved from 37300 to 37350
INFO:root:Data saved from 37350 to 37400
INFO:root:Data saved from 37400 to 37450
INFO:root:Data saved from 37450 to 37500
INFO:root:Data saved from 37500 to 37550
INFO:root:Data saved from 37550 to 37600
INFO:root:Data saved from 37600 to 37650
INFO:root:Data saved from 37650 to 37700
INFO:root:Data saved from 37700 to 37750
INFO:root:Data saved from 37750 to 37800
INFO:root:Data saved from 37800 to 37850
INFO:root:Data saved from 37850 to 37900
INFO:root:Data saved from 37900 to 37950
INFO:root:Data saved from 37950 to 38000
INFO:root:Data saved from 38000 to 38050
INFO:root:Data saved from 38050 to 38100
INFO:root:Data saved from 38100 to 38150
INFO:root:Data saved from 38150 to 38200
INFO:root:Data saved from 38200 to 38250
INFO:root:Data saved from 38250 to 38300
INFO:root:Data saved from 38300 to 38350
INFO:root:Data saved from 38350 to 38400
INFO:root:Data saved from 38400 to 38450
INFO:root:Data saved from 38450 to 38500
INFO:root:Data saved from 38500 to 38550
INFO:root:Data saved from 38550 to 38600
INFO:root:Data saved from 38600 to 38650
INFO:root:Data saved from 38650 to 38700
INFO:root:Data saved from 38700 to 38750
INFO:root:Data saved from 38750 to 38800
INFO:root:Data saved from 38800 to 38850
INFO:root:Data saved from 38850 to 38900
INFO:root:Data saved from 38900 to 38950
INFO:root:Data saved from 38950 to 39000
INFO:root:Data saved from 39000 to 39050
INFO:root:Data saved from 39050 to 39100
INFO:root:Data saved from 39100 to 39150
INFO:root:Data saved from 39150 to 39200
INFO:root:Data saved from 39200 to 39250
INFO:root:Data saved from 39250 to 39300
INFO:root:Data saved from 39300 to 39350
INFO:root:Data saved from 39350 to 39400
INFO:root:Data saved from 39400 to 39450
INFO:root:Data saved from 39450 to 39500
INFO:root:Data saved from 39500 to 39550
INFO:root:Data saved from 39550 to 39600
INFO:root:Data saved from 39600 to 39650
INFO:root:Data saved from 39650 to 39700
INFO:root:Data saved from 39700 to 39750
INFO:root:Data saved from 39750 to 39800
INFO:root:Data saved from 39800 to 39850
INFO:root:Data saved from 39850 to 39900
INFO:root:Data saved from 39900 to 39950
INFO:root:Data saved from 39950 to 40000
INFO:root:Data saved from 40000 to 40050
INFO:root:Data saved from 40050 to 40100
INFO:root:Data saved from 40100 to 40150
INFO:root:Data saved from 40150 to 40200
INFO:root:Data saved from 40200 to 40250
INFO:root:Data saved from 40250 to 40300
INFO:root:Data saved from 40300 to 40350
INFO:root:Data saved from 40350 to 40400
INFO:root:Data saved from 40400 to 40450
INFO:root:Data saved from 40450 to 40500
INFO:root:Data saved from 40500 to 40550
INFO:root:Data saved from 40550 to 40600
INFO:root:Data saved from 40600 to 40650
INFO:root:Data saved from 40650 to 40700
INFO:root:Data saved from 40700 to 40750
INFO:root:Data saved from 40750 to 40800
INFO:root:Data saved from 40800 to 40850
INFO:root:Data saved from 40850 to 40900
INFO:root:Data saved from 40900 to 40950
INFO:root:Data saved from 40950 to 41000
INFO:root:Data saved from 41000 to 41050
INFO:root:Data saved from 41050 to 41100
INFO:root:Data saved from 41100 to 41150
INFO:root:Data saved from 41150 to 41200
INFO:root:Data saved from 41200 to 41250
INFO:root:Data saved from 41250 to 41300
INFO:root:Data saved from 41300 to 41350
INFO:root:Data saved from 41350 to 41400
INFO:root:Data saved from 41400 to 41450
INFO:root:Data saved from 41450 to 41500
INFO:root:Data saved from 41500 to 41550
INFO:root:Data saved from 41550 to 41600
INFO:root:Data saved from 41600 to 41650
INFO:root:Data saved from 41650 to 41700
INFO:root:Data saved from 41700 to 41750
INFO:root:Data saved from 41750 to 41800
INFO:root:Data saved from 41800 to 41850
INFO:root:Data saved from 41850 to 41900
INFO:root:Data saved from 41900 to 41950
INFO:root:Data saved from 41950 to 42000
INFO:root:Data saved from 42000 to 42050
INFO:root:Data saved from 42050 to 42100
INFO:root:Data saved from 42100 to 42150
INFO:root:Data saved from 42150 to 42200
INFO:root:Data saved from 42200 to 42250
INFO:root:Data saved from 42250 to 42300
INFO:root:Data saved from 42300 to 42350
INFO:root:Data saved from 42350 to 42400
INFO:root:Data saved from 42400 to 42450
INFO:root:Data saved from 42450 to 42500
INFO:root:Data saved from 42500 to 42550
INFO:root:Data saved from 42550 to 42600
INFO:root:Data saved from 42600 to 42650
INFO:root:Data saved from 42650 to 42700
INFO:root:Data saved from 42700 to 42750
INFO:root:Data saved from 42750 to 42800
INFO:root:Data saved from 42800 to 42850
INFO:root:Data saved from 42850 to 42900
INFO:root:Data saved from 42900 to 42950
INFO:root:Data saved from 42950 to 43000
INFO:root:Data saved from 43000 to 43050
INFO:root:Data saved from 43050 to 43100
INFO:root:Data saved from 43100 to 43150
INFO:root:Data saved from 43150 to 43200
INFO:root:Data saved from 43200 to 43250
INFO:root:Data saved from 43250 to 43300
INFO:root:Data saved from 43300 to 43350
INFO:root:Data saved from 43350 to 43400
INFO:root:Data saved from 43400 to 43450
INFO:root:Data saved from 43450 to 43500
INFO:root:Data saved from 43500 to 43550
INFO:root:Data saved from 43550 to 43600
INFO:root:Data saved from 43600 to 43650
INFO:root:Data saved from 43650 to 43700
INFO:root:Data saved from 43700 to 43750
INFO:root:Data saved from 43750 to 43800
INFO:root:Data saved from 43800 to 43850
INFO:root:Data saved from 43850 to 43900
INFO:root:Data saved from 43900 to 43950
INFO:root:Data saved from 43950 to 44000
INFO:root:Data saved from 44000 to 44050
INFO:root:Data saved from 44050 to 44100
INFO:root:Data saved from 44100 to 44150
INFO:root:Data saved from 44150 to 44200
INFO:root:Data saved from 44200 to 44250
INFO:root:Data saved from 44250 to 44300
INFO:root:Data saved from 44300 to 44350
INFO:root:Data saved from 44350 to 44400
INFO:root:Data saved from 44400 to 44450
INFO:root:Data saved from 44450 to 44500
INFO:root:Data saved from 44500 to 44550
INFO:root:Data saved from 44550 to 44600
INFO:root:Data saved from 44600 to 44650
INFO:root:Data saved from 44650 to 44700
INFO:root:Data saved from 44700 to 44750
INFO:root:Data saved from 44750 to 44800
INFO:root:Data saved from 44800 to 44850
INFO:root:Data saved from 44850 to 44900
INFO:root:Data saved from 44900 to 44950
INFO:root:Data saved from 44950 to 45000
INFO:root:Data saved from 45000 to 45050
INFO:root:Data saved from 45050 to 45100
INFO:root:Data saved from 45100 to 45150
INFO:root:Data saved from 45150 to 45200
INFO:root:Data saved from 45200 to 45250
INFO:root:Data saved from 45250 to 45300
INFO:root:Data saved from 45300 to 45350
INFO:root:Data saved from 45350 to 45400
INFO:root:Data saved from 45400 to 45450
INFO:root:Data saved from 45450 to 45500
INFO:root:Data saved from 45500 to 45550
INFO:root:Data saved from 45550 to 45600
INFO:root:Data saved from 45600 to 45650
INFO:root:Data saved from 45650 to 45700
INFO:root:Data saved from 45700 to 45750
INFO:root:Data saved from 45750 to 45800
INFO:root:Data saved from 45800 to 45850
INFO:root:Data saved from 45850 to 45900
INFO:root:Data saved from 45900 to 45950
INFO:root:Data saved from 45950 to 46000
INFO:root:Data saved from 46000 to 46050
INFO:root:Data saved from 46050 to 46100
INFO:root:Data saved from 46100 to 46150
INFO:root:Data saved from 46150 to 46200
INFO:root:Data saved from 46200 to 46250
INFO:root:Data saved from 46250 to 46300
INFO:root:Data saved from 46300 to 46350
INFO:root:Data saved from 46350 to 46400
INFO:root:Data saved from 46400 to 46450
INFO:root:Data saved from 46450 to 46500
INFO:root:Data saved from 46500 to 46550
INFO:root:Data saved from 46550 to 46600
INFO:root:Data saved from 46600 to 46650
INFO:root:Data saved from 46650 to 46700
INFO:root:Data saved from 46700 to 46750
INFO:root:Data saved from 46750 to 46800
INFO:root:Data saved from 46800 to 46850
INFO:root:Data saved from 46850 to 46900
INFO:root:Data saved from 46900 to 46950
INFO:root:Data saved from 46950 to 47000
INFO:root:Data saved from 47000 to 47050
INFO:root:Data saved from 47050 to 47100
INFO:root:Data saved from 47100 to 47150
INFO:root:Data saved from 47150 to 47200
INFO:root:Data saved from 47200 to 47250
INFO:root:Data saved from 47250 to 47300
INFO:root:Data saved from 47300 to 47350
INFO:root:Data saved from 47350 to 47400
INFO:root:Data saved from 47400 to 47450
INFO:root:Data saved from 47450 to 47500
INFO:root:Data saved from 47500 to 47550
INFO:root:Data saved from 47550 to 47600
INFO:root:Data saved from 47600 to 47650
INFO:root:Data saved from 47650 to 47700
INFO:root:Data saved from 47700 to 47750
INFO:root:Data saved from 47750 to 47800
INFO:root:Data saved from 47800 to 47850
INFO:root:Data saved from 47850 to 47900
INFO:root:Data saved from 47900 to 47950
INFO:root:Data saved from 47950 to 48000
INFO:root:Data saved from 48000 to 48050
INFO:root:Data saved from 48050 to 48100
INFO:root:Data saved from 48100 to 48150
INFO:root:Data saved from 48150 to 48200
INFO:root:Data saved from 48200 to 48250
INFO:root:Data saved from 48250 to 48300
INFO:root:Data saved from 48300 to 48350
INFO:root:Data saved from 48350 to 48400
INFO:root:Data saved from 48400 to 48450
INFO:root:Data saved from 48450 to 48500
INFO:root:Data saved from 48500 to 48550
INFO:root:Data saved from 48550 to 48600
INFO:root:Data saved from 48600 to 48650
INFO:root:Data saved from 48650 to 48700
INFO:root:Data saved from 48700 to 48750
INFO:root:Data saved from 48750 to 48800
INFO:root:Data saved from 48800 to 48850
INFO:root:Data saved from 48850 to 48900
INFO:root:Data saved from 48900 to 48950
INFO:root:Data saved from 48950 to 49000
INFO:root:Data saved from 49000 to 49050
INFO:root:Data saved from 49050 to 49100
INFO:root:Data saved from 49100 to 49150
INFO:root:Data saved from 49150 to 49200
INFO:root:Data saved from 49200 to 49250
INFO:root:Data saved from 49250 to 49300
INFO:root:Data saved from 49300 to 49350
INFO:root:Data saved from 49350 to 49400
INFO:root:Data saved from 49400 to 49450
INFO:root:Data saved from 49450 to 49500
INFO:root:Data saved from 49500 to 49550
INFO:root:Data saved from 49550 to 49600
INFO:root:Data saved from 49600 to 49650
INFO:root:Data saved from 49650 to 49700
INFO:root:Data saved from 49700 to 49750
INFO:root:Data saved from 49750 to 49800
INFO:root:Data saved from 49800 to 49850
INFO:root:Data saved from 49850 to 49900
INFO:root:Data saved from 49900 to 49950
INFO:root:Data saved from 49950 to 50000
INFO:root:Data saved from 50000 to 50050
INFO:root:Data saved from 50050 to 50100
INFO:root:Data saved from 50100 to 50150
INFO:root:Data saved from 50150 to 50200
INFO:root:Data saved from 50200 to 50250
INFO:root:Data saved from 50250 to 50300
INFO:root:Data saved from 50300 to 50350
INFO:root:Data saved from 50350 to 50400
INFO:root:Data saved from 50400 to 50450
INFO:root:Data saved from 50450 to 50500
INFO:root:Data saved from 50500 to 50550
INFO:root:Data saved from 50550 to 50600
INFO:root:Data saved from 50600 to 50650
INFO:root:Data saved from 50650 to 50700
INFO:root:Data saved from 50700 to 50750
INFO:root:Data saved from 50750 to 50800
INFO:root:Data saved from 50800 to 50850
INFO:root:Data saved from 50850 to 50900
INFO:root:Data saved from 50900 to 50950
INFO:root:Data saved from 50950 to 51000
INFO:root:Data saved from 51000 to 51050
INFO:root:Data saved from 51050 to 51100
INFO:root:Data saved from 51100 to 51150
INFO:root:Data saved from 51150 to 51200
INFO:root:Data saved from 51200 to 51250
INFO:root:Data saved from 51250 to 51300
INFO:root:Data saved from 51300 to 51350
INFO:root:Data saved from 51350 to 51400
INFO:root:Data saved from 51400 to 51450
INFO:root:Data saved from 51450 to 51500
INFO:root:Data saved from 51500 to 51550
INFO:root:Data saved from 51550 to 51600
INFO:root:Data saved from 51600 to 51650
INFO:root:Data saved from 51650 to 51700
INFO:root:Data saved from 51700 to 51750
INFO:root:Data saved from 51750 to 51800
INFO:root:Data saved from 51800 to 51850
INFO:root:Data saved from 51850 to 51900
INFO:root:Data saved from 51900 to 51950
INFO:root:Data saved from 51950 to 52000
INFO:root:Data saved from 52000 to 52050
INFO:root:Data saved from 52050 to 52100
INFO:root:Data saved from 52100 to 52150
INFO:root:Data saved from 52150 to 52200
INFO:root:Data saved from 52200 to 52250
INFO:root:Data saved from 52250 to 52300
INFO:root:Data saved from 52300 to 52350
INFO:root:Data saved from 52350 to 52400
INFO:root:Data saved from 52400 to 52450
INFO:root:Data saved from 52450 to 52500
INFO:root:Data saved from 52500 to 52550
INFO:root:Data saved from 52550 to 52600
INFO:root:Data saved from 52600 to 52650
INFO:root:Data saved from 52650 to 52700
INFO:root:Data saved from 52700 to 52750
INFO:root:Data saved from 52750 to 52800
INFO:root:Data saved from 52800 to 52850
INFO:root:Data saved from 52850 to 52900
INFO:root:Data saved from 52900 to 52950
INFO:root:Data saved from 52950 to 53000
INFO:root:Data saved from 53000 to 53050
INFO:root:Data saved from 53050 to 53100
INFO:root:Data saved from 53100 to 53150
INFO:root:Data saved from 53150 to 53200
INFO:root:Data saved from 53200 to 53250
INFO:root:Data saved from 53250 to 53300
INFO:root:Data saved from 53300 to 53350
INFO:root:Data saved from 53350 to 53400
INFO:root:Data saved from 53400 to 53450
INFO:root:Data saved from 53450 to 53500
INFO:root:Data saved from 53500 to 53550
INFO:root:Data saved from 53550 to 53600
INFO:root:Data saved from 53600 to 53650
INFO:root:Data saved from 53650 to 53700
INFO:root:Data saved from 53700 to 53750
INFO:root:Data saved from 53750 to 53800
INFO:root:Data saved from 53800 to 53850
INFO:root:Data saved from 53850 to 53900
INFO:root:Data saved from 53900 to 53950
INFO:root:Data saved from 53950 to 54000
INFO:root:Data saved from 54000 to 54050
INFO:root:Data saved from 54050 to 54100
INFO:root:Data saved from 54100 to 54150
INFO:root:Data saved from 54150 to 54200
INFO:root:Data saved from 54200 to 54250
INFO:root:Data saved from 54250 to 54300
INFO:root:Data saved from 54300 to 54350
INFO:root:Data saved from 54350 to 54400
INFO:root:Data saved from 54400 to 54450
INFO:root:Data saved from 54450 to 54500
INFO:root:Data saved from 54500 to 54550
INFO:root:Data saved from 54550 to 54600
INFO:root:Data saved from 54600 to 54650
INFO:root:Data saved from 54650 to 54700
INFO:root:Data saved from 54700 to 54750
INFO:root:Data saved from 54750 to 54800
INFO:root:Data saved from 54800 to 54850
INFO:root:Data saved from 54850 to 54900
INFO:root:Data saved from 54900 to 54950
INFO:root:Data saved from 54950 to 55000
INFO:root:Data saved from 55000 to 55050
INFO:root:Data saved from 55050 to 55100
INFO:root:Data saved from 55100 to 55150
INFO:root:Data saved from 55150 to 55200
INFO:root:Data saved from 55200 to 55250
INFO:root:Data saved from 55250 to 55300
INFO:root:Data saved from 55300 to 55350
INFO:root:Data saved from 55350 to 55400
INFO:root:Data saved from 55400 to 55450
INFO:root:Data saved from 55450 to 55500
INFO:root:Data saved from 55500 to 55550
INFO:root:Data saved from 55550 to 55600
INFO:root:Data saved from 55600 to 55650
INFO:root:Data saved from 55650 to 55700
INFO:root:Data saved from 55700 to 55750
INFO:root:Data saved from 55750 to 55800
INFO:root:Data saved from 55800 to 55850
INFO:root:Data saved from 55850 to 55900
INFO:root:Data saved from 55900 to 55950
INFO:root:Data saved from 55950 to 56000
INFO:root:Data saved from 56000 to 56050
INFO:root:Data saved from 56050 to 56100
INFO:root:Data saved from 56100 to 56150
INFO:root:Data saved from 56150 to 56200
INFO:root:Data saved from 56200 to 56250
INFO:root:Data saved from 56250 to 56300
INFO:root:Data saved from 56300 to 56350
INFO:root:Data saved from 56350 to 56400
INFO:root:Data saved from 56400 to 56450
INFO:root:Data saved from 56450 to 56500
INFO:root:Data saved from 56500 to 56550
INFO:root:Data saved from 56550 to 56600
INFO:root:Data saved from 56600 to 56650
INFO:root:Data saved from 56650 to 56700
INFO:root:Data saved from 56700 to 56750
INFO:root:Data saved from 56750 to 56800
INFO:root:Data saved from 56800 to 56850
INFO:root:Data saved from 56850 to 56900
INFO:root:Data saved from 56900 to 56950
INFO:root:Data saved from 56950 to 57000
INFO:root:Data saved from 57000 to 57050
INFO:root:Data saved from 57050 to 57100
INFO:root:Data saved from 57100 to 57150
INFO:root:Data saved from 57150 to 57200
INFO:root:Data saved from 57200 to 57250
INFO:root:Data saved from 57250 to 57300
INFO:root:Data saved from 57300 to 57350
INFO:root:Data saved from 57350 to 57400
INFO:root:Data saved from 57400 to 57450
INFO:root:Data saved from 57450 to 57500
INFO:root:Data saved from 57500 to 57550
INFO:root:Data saved from 57550 to 57600
INFO:root:Data saved from 57600 to 57650
INFO:root:Data saved from 57650 to 57700
INFO:root:Data saved from 57700 to 57750
INFO:root:Data saved from 57750 to 57800
INFO:root:Data saved from 57800 to 57850
INFO:root:Data saved from 57850 to 57900
INFO:root:Data saved from 57900 to 57950
INFO:root:Data saved from 57950 to 58000
INFO:root:Data saved from 58000 to 58050
INFO:root:Data saved from 58050 to 58100
INFO:root:Data saved from 58100 to 58150
INFO:root:Data saved from 58150 to 58200
INFO:root:Data saved from 58200 to 58250
INFO:root:Data saved from 58250 to 58300
INFO:root:Data saved from 58300 to 58350
INFO:root:Data saved from 58350 to 58400
INFO:root:Data saved from 58400 to 58450
INFO:root:Data saved from 58450 to 58500
INFO:root:Data saved from 58500 to 58550
INFO:root:Data saved from 58550 to 58600
INFO:root:Data saved from 58600 to 58650
INFO:root:Data saved from 58650 to 58700
INFO:root:Data saved from 58700 to 58750
INFO:root:Data saved from 58750 to 58800
INFO:root:Data saved from 58800 to 58850
INFO:root:Data saved from 58850 to 58900
INFO:root:Data saved from 58900 to 58950
INFO:root:Data saved from 58950 to 59000
INFO:root:Data saved from 59000 to 59050
INFO:root:Data saved from 59050 to 59100
INFO:root:Data saved from 59100 to 59150
INFO:root:Data saved from 59150 to 59200
INFO:root:Data saved from 59200 to 59250
INFO:root:Data saved from 59250 to 59300
INFO:root:Data saved from 59300 to 59350
INFO:root:Data saved from 59350 to 59400
INFO:root:Data saved from 59400 to 59450
INFO:root:Data saved from 59450 to 59500
INFO:root:Data saved from 59500 to 59550
INFO:root:Data saved from 59550 to 59600
INFO:root:Data saved from 59600 to 59650
INFO:root:Data saved from 59650 to 59700
INFO:root:Data saved from 59700 to 59750
INFO:root:Data saved from 59750 to 59800
INFO:root:Data saved from 59800 to 59850
INFO:root:Data saved from 59850 to 59900
INFO:root:Data saved from 59900 to 59950
INFO:root:Data saved from 59950 to 60000
INFO:root:Data saved from 60000 to 60050
INFO:root:Data saved from 60050 to 60100
INFO:root:Data saved from 60100 to 60150
INFO:root:Data saved from 60150 to 60200
INFO:root:Data saved from 60200 to 60250
INFO:root:Data saved from 60250 to 60300
INFO:root:Data saved from 60300 to 60350
INFO:root:Data saved from 60350 to 60400
INFO:root:Data saved from 60400 to 60450
INFO:root:Data saved from 60450 to 60500
INFO:root:Data saved from 60500 to 60550
INFO:root:Data saved from 60550 to 60600
INFO:root:Data saved from 60600 to 60650
INFO:root:Data saved from 60650 to 60700
INFO:root:Data saved from 60700 to 60750
INFO:root:Data saved from 60750 to 60800
INFO:root:Data saved from 60800 to 60850
INFO:root:Data saved from 60850 to 60900
INFO:root:Data saved from 60900 to 60950
INFO:root:Data saved from 60950 to 61000
INFO:root:Data saved from 61000 to 61050
INFO:root:Data saved from 61050 to 61100
INFO:root:Data saved from 61100 to 61150
INFO:root:Data saved from 61150 to 61200
INFO:root:Data saved from 61200 to 61250
INFO:root:Data saved from 61250 to 61300
INFO:root:Data saved from 61300 to 61350
INFO:root:Data saved from 61350 to 61400
INFO:root:Data saved from 61400 to 61450
INFO:root:Data saved from 61450 to 61500
INFO:root:Data saved from 61500 to 61550
INFO:root:Data saved from 61550 to 61600
INFO:root:Data saved from 61600 to 61650
INFO:root:Data saved from 61650 to 61700
INFO:root:Data saved from 61700 to 61750
INFO:root:Data saved from 61750 to 61800
INFO:root:Data saved from 61800 to 61850
INFO:root:Data saved from 61850 to 61900
INFO:root:Data saved from 61900 to 61950
INFO:root:Data saved from 61950 to 62000
INFO:root:Data saved from 62000 to 62050
INFO:root:Data saved from 62050 to 62100
INFO:root:Data saved from 62100 to 62150
INFO:root:Data saved from 62150 to 62200
INFO:root:Data saved from 62200 to 62250
INFO:root:Data saved from 62250 to 62300
INFO:root:Data saved from 62300 to 62350
INFO:root:Data saved from 62350 to 62400
INFO:root:Data saved from 62400 to 62450
INFO:root:Data saved from 62450 to 62500
INFO:root:Data saved from 62500 to 62550
INFO:root:Data saved from 62550 to 62600
INFO:root:Data saved from 62600 to 62650
INFO:root:Data saved from 62650 to 62700
INFO:root:Data saved from 62700 to 62750
INFO:root:Data saved from 62750 to 62800
INFO:root:Data saved from 62800 to 62850
INFO:root:Data saved from 62850 to 62900
INFO:root:Data saved from 62900 to 62950
INFO:root:Data saved from 62950 to 63000
INFO:root:Data saved from 63000 to 63050
INFO:root:Data saved from 63050 to 63100
INFO:root:Data saved from 63100 to 63150
INFO:root:Data saved from 63150 to 63200
INFO:root:Data saved from 63200 to 63250
INFO:root:Data saved from 63250 to 63300
INFO:root:Data saved from 63300 to 63350
INFO:root:Data saved from 63350 to 63400
INFO:root:Data saved from 63400 to 63450
INFO:root:Data saved from 63450 to 63500
INFO:root:Data saved from 63500 to 63550
INFO:root:Data saved from 63550 to 63600
INFO:root:Data saved from 63600 to 63650
INFO:root:Data saved from 63650 to 63700
INFO:root:Data saved from 63700 to 63750
INFO:root:Data saved from 63750 to 63800
INFO:root:Data saved from 63800 to 63850
INFO:root:Data saved from 63850 to 63900
INFO:root:Data saved from 63900 to 63950
INFO:root:Data saved from 63950 to 64000
INFO:root:Data saved from 64000 to 64050
INFO:root:Data saved from 64050 to 64100
INFO:root:Data saved from 64100 to 64150
INFO:root:Data saved from 64150 to 64200
INFO:root:Data saved from 64200 to 64250
INFO:root:Data saved from 64250 to 64300
INFO:root:Data saved from 64300 to 64350
INFO:root:Data saved from 64350 to 64400
INFO:root:Data saved from 64400 to 64450
INFO:root:Data saved from 64450 to 64500
INFO:root:Data saved from 64500 to 64550
INFO:root:Data saved from 64550 to 64600
INFO:root:Data saved from 64600 to 64650
INFO:root:Data saved from 64650 to 64700
INFO:root:Data saved from 64700 to 64750
INFO:root:Data saved from 64750 to 64800
INFO:root:Data saved from 64800 to 64850
INFO:root:Data saved from 64850 to 64900
INFO:root:Data saved from 64900 to 64950
INFO:root:Data saved from 64950 to 65000
INFO:root:Data saved from 65000 to 65050
INFO:root:Data saved from 65050 to 65100
INFO:root:Data saved from 65100 to 65150
INFO:root:Data saved from 65150 to 65200
INFO:root:Data saved from 65200 to 65250
INFO:root:Data saved from 65250 to 65300
INFO:root:Data saved from 65300 to 65350
INFO:root:Data saved from 65350 to 65400
INFO:root:Data saved from 65400 to 65450
INFO:root:Data saved from 65450 to 65500
INFO:root:Data saved from 65500 to 65550
INFO:root:Data saved from 65550 to 65600
INFO:root:Data saved from 65600 to 65650
INFO:root:Data saved from 65650 to 65700
INFO:root:Data saved from 65700 to 65750
INFO:root:Data saved from 65750 to 65800
INFO:root:Data saved from 65800 to 65850
INFO:root:Data saved from 65850 to 65900
INFO:root:Data saved from 65900 to 65950
INFO:root:Data saved from 65950 to 66000
INFO:root:Data saved from 66000 to 66050
INFO:root:Data saved from 66050 to 66100
INFO:root:Data saved from 66100 to 66150
INFO:root:Data saved from 66150 to 66200
INFO:root:Data saved from 66200 to 66250
INFO:root:Data saved from 66250 to 66300
INFO:root:Data saved from 66300 to 66350
INFO:root:Data saved from 66350 to 66400
INFO:root:Data saved from 66400 to 66450
INFO:root:Data saved from 66450 to 66500
INFO:root:Data saved from 66500 to 66550
INFO:root:Data saved from 66550 to 66600
INFO:root:Data saved from 66600 to 66650
INFO:root:Data saved from 66650 to 66700
INFO:root:Data saved from 66700 to 66750
INFO:root:Data saved from 66750 to 66800
INFO:root:Data saved from 66800 to 66850
INFO:root:Data saved from 66850 to 66900
INFO:root:Data saved from 66900 to 66950
INFO:root:Data saved from 66950 to 67000
INFO:root:Data saved from 67000 to 67050
INFO:root:Data saved from 67050 to 67100
INFO:root:Data saved from 67100 to 67150
INFO:root:Data saved from 67150 to 67200
INFO:root:Data saved from 67200 to 67250
INFO:root:Data saved from 67250 to 67300
INFO:root:Data saved from 67300 to 67350
INFO:root:Data saved from 67350 to 67400
INFO:root:Data saved from 67400 to 67450
INFO:root:Data saved from 67450 to 67500
INFO:root:Data saved from 67500 to 67550
INFO:root:Data saved from 67550 to 67600
INFO:root:Data saved from 67600 to 67650
INFO:root:Data saved from 67650 to 67700
INFO:root:Data saved from 67700 to 67750
INFO:root:Data saved from 67750 to 67800
INFO:root:Data saved from 67800 to 67850
INFO:root:Data saved from 67850 to 67900
INFO:root:Data saved from 67900 to 67950
INFO:root:Data saved from 67950 to 68000
INFO:root:Data saved from 68000 to 68050
INFO:root:Data saved from 68050 to 68100
INFO:root:Data saved from 68100 to 68150
INFO:root:Data saved from 68150 to 68200
INFO:root:Data saved from 68200 to 68250
INFO:root:Data saved from 68250 to 68300
INFO:root:Data saved from 68300 to 68350
INFO:root:Data saved from 68350 to 68400
INFO:root:Data saved from 68400 to 68450
INFO:root:Data saved from 68450 to 68500
INFO:root:Data saved from 68500 to 68550
INFO:root:Data saved from 68550 to 68600
INFO:root:Data saved from 68600 to 68650
INFO:root:Data saved from 68650 to 68700
INFO:root:Data saved from 68700 to 68750
INFO:root:Data saved from 68750 to 68800
INFO:root:Data saved from 68800 to 68850
INFO:root:Data saved from 68850 to 68900
INFO:root:Data saved from 68900 to 68950
INFO:root:Data saved from 68950 to 69000
INFO:root:Data saved from 69000 to 69050
INFO:root:Data saved from 69050 to 69100
INFO:root:Data saved from 69100 to 69150
INFO:root:Data saved from 69150 to 69200
INFO:root:Data saved from 69200 to 69250
INFO:root:Data saved from 69250 to 69300
INFO:root:Data saved from 69300 to 69350
INFO:root:Data saved from 69350 to 69400
INFO:root:Data saved from 69400 to 69450
INFO:root:Data saved from 69450 to 69500
INFO:root:Data saved from 69500 to 69550
INFO:root:Data saved from 69550 to 69600
INFO:root:Data saved from 69600 to 69650
INFO:root:Data saved from 69650 to 69700
INFO:root:Data saved from 69700 to 69750
INFO:root:Data saved from 69750 to 69800
INFO:root:Data saved from 69800 to 69850
INFO:root:Data saved from 69850 to 69900
INFO:root:Data saved from 69900 to 69950
INFO:root:Data saved from 69950 to 70000
INFO:root:Data saved from 70000 to 70050
INFO:root:Data saved from 70050 to 70100
INFO:root:Data saved from 70100 to 70150
INFO:root:Data saved from 70150 to 70200
INFO:root:Data saved from 70200 to 70250
INFO:root:Data saved from 70250 to 70300
INFO:root:Data saved from 70300 to 70350
INFO:root:Data saved from 70350 to 70400
INFO:root:Data saved from 70400 to 70450
INFO:root:Data saved from 70450 to 70500
INFO:root:Data saved from 70500 to 70550
INFO:root:Data saved from 70550 to 70600
INFO:root:Data saved from 70600 to 70650
INFO:root:Data saved from 70650 to 70700
INFO:root:Data saved from 70700 to 70750
INFO:root:Data saved from 70750 to 70800
INFO:root:Data saved from 70800 to 70850
INFO:root:Data saved from 70850 to 70900
INFO:root:Data saved from 70900 to 70950
INFO:root:Data saved from 70950 to 71000
INFO:root:Data saved from 71000 to 71050
INFO:root:Data saved from 71050 to 71100
INFO:root:Data saved from 71100 to 71150
INFO:root:Data saved from 71150 to 71200
INFO:root:Data saved from 71200 to 71250
INFO:root:Data saved from 71250 to 71300
INFO:root:Data saved from 71300 to 71350
INFO:root:Data saved from 71350 to 71400
INFO:root:Data saved from 71400 to 71450
INFO:root:Data saved from 71450 to 71500
INFO:root:Data saved from 71500 to 71550
INFO:root:Data saved from 71550 to 71600
INFO:root:Data saved from 71600 to 71650
INFO:root:Data saved from 71650 to 71700
INFO:root:Data saved from 71700 to 71750
INFO:root:Data saved from 71750 to 71800
INFO:root:Data saved from 71800 to 71850
INFO:root:Data saved from 71850 to 71900
INFO:root:Data saved from 71900 to 71950
INFO:root:Data saved from 71950 to 72000
INFO:root:Data saved from 72000 to 72050
INFO:root:Data saved from 72050 to 72100
INFO:root:Data saved from 72100 to 72150
INFO:root:Data saved from 72150 to 72200
INFO:root:Data saved from 72200 to 72250
INFO:root:Data saved from 72250 to 72300
INFO:root:Data saved from 72300 to 72350
INFO:root:Data saved from 72350 to 72400
INFO:root:Data saved from 72400 to 72450
INFO:root:Data saved from 72450 to 72500
INFO:root:Data saved from 72500 to 72550
INFO:root:Data saved from 72550 to 72600
INFO:root:Data saved from 72600 to 72650
INFO:root:Data saved from 72650 to 72700
INFO:root:Data saved from 72700 to 72750
INFO:root:Data saved from 72750 to 72800
INFO:root:Data saved from 72800 to 72850
INFO:root:Data saved from 72850 to 72900
INFO:root:Data saved from 72900 to 72950
INFO:root:Data saved from 72950 to 73000
INFO:root:Data saved from 73000 to 73050
INFO:root:Data saved from 73050 to 73100
INFO:root:Data saved from 73100 to 73150
INFO:root:Data saved from 73150 to 73200
INFO:root:Data saved from 73200 to 73250
